#
# There is insufficient memory for the Java Runtime Environment to continue.
# Native memory allocation (malloc) failed to allocate 1306416 bytes for Chunk::new
# Possible reasons:
#   The system is out of physical RAM or swap space
#   The process is running with CompressedOops enabled, and the Java Heap may be blocking the growth of the native heap
# Possible solutions:
#   Reduce memory load on the system
#   Increase physical memory or swap space
#   Check if swap backing store is full
#   Decrease Java heap size (-Xmx/-Xms)
#   Decrease number of Java threads
#   Decrease Java thread stack sizes (-Xss)
#   Set larger code cache with -XX:ReservedCodeCacheSize=
#   JVM is running with Unscaled Compressed Oops mode in which the Java heap is
#     placed in the first 4GB address space. The Java Heap base address is the
#     maximum limit for the native heap growth. Please use -XX:HeapBaseMinAddress
#     to set the Java Heap base and to place the Java Heap above 4GB virtual address.
# This output file may be truncated or incomplete.
#
#  Out of Memory Error (allocation.cpp:389), pid=12376, tid=0x0000000000004344
#
# JRE version: OpenJDK Runtime Environment (8.0_242-b01) (build 1.8.0_242-release-1644-b01)
# Java VM: OpenJDK 64-Bit Server VM (25.242-b01 mixed mode windows-amd64 compressed oops)
# Failed to write core dump. Minidumps are not enabled by default on client versions of Windows
#

---------------  T H R E A D  ---------------

Current thread (0x0000000016bbb000):  JavaThread "C2 CompilerThread1" daemon [_thread_in_native, id=17220, stack(0x0000000018340000,0x0000000018440000)]

Stack: [0x0000000018340000,0x0000000018440000]
[error occurred during error reporting (printing stack bounds), id 0xc0000005]

Native frames: (J=compiled Java code, j=interpreted, Vv=VM code, C=native code)


Current CompileTask:
C2:  14356 8760       4       org.gradle.internal.component.model.ComponentAttributeMatcher::isMatching (147 bytes)


---------------  P R O C E S S  ---------------

Java Threads: ( => current thread )
  0x000000001d247000 JavaThread "Cache worker for execution history cache (C:\Users\kma_s\Documents\PROJETOS ANDROID\ZENITECH\ZCALL_MOBILE_ENTREGADOR_VERSIONADO\.gradle\6.5\executionHistory)" [_thread_blocked, id=15152, stack(0x000000002a860000,0x000000002a960000)]
  0x000000001d244000 JavaThread "Execution worker for ':' Thread 3" [_thread_blocked, id=16040, stack(0x000000002a760000,0x000000002a860000)]
  0x000000001d246800 JavaThread "Execution worker for ':' Thread 2" [_thread_blocked, id=15064, stack(0x000000002a660000,0x000000002a760000)]
  0x000000001d23c800 JavaThread "Execution worker for ':'" [_thread_blocked, id=15344, stack(0x000000002a560000,0x000000002a660000)]
  0x000000001d241000 JavaThread "Cache worker for file content cache (C:\Users\kma_s\Documents\PROJETOS ANDROID\ZENITECH\ZCALL_MOBILE_ENTREGADOR_VERSIONADO\.gradle\6.5\fileContent)" [_thread_blocked, id=844, stack(0x0000000029a30000,0x0000000029b30000)]
  0x000000001d23e000 JavaThread "Memory manager" [_thread_blocked, id=32, stack(0x00000000290f0000,0x00000000291f0000)]
  0x000000001d242800 JavaThread "pool-1-thread-1" [_thread_blocked, id=16692, stack(0x0000000028bf0000,0x0000000028cf0000)]
  0x000000001d23a800 JavaThread "Cache worker for Build Output Cleanup Cache (C:\Users\kma_s\Documents\PROJETOS ANDROID\ZENITECH\ZCALL_MOBILE_ENTREGADOR_VERSIONADO\.gradle\buildOutputCleanup)" [_thread_blocked, id=14196, stack(0x00000000288f0000,0x00000000289f0000)]
  0x000000001d240800 JavaThread "jar transforms Thread 94" [_thread_blocked, id=5836, stack(0x00000000285f0000,0x00000000286f0000)]
  0x000000001d239000 JavaThread "jar transforms Thread 93" [_thread_blocked, id=236, stack(0x00000000284f0000,0x00000000285f0000)]
  0x000000001d23b000 JavaThread "jar transforms Thread 92" [_thread_blocked, id=12980, stack(0x00000000283f0000,0x00000000284f0000)]
  0x000000001d23d800 JavaThread "jar transforms Thread 91" [_thread_blocked, id=14736, stack(0x00000000282f0000,0x00000000283f0000)]
  0x000000001d23f000 JavaThread "jar transforms Thread 90" [_thread_blocked, id=13516, stack(0x00000000281f0000,0x00000000282f0000)]
  0x000000001d23c000 JavaThread "jar transforms Thread 89" [_thread_blocked, id=15884, stack(0x00000000280f0000,0x00000000281f0000)]
  0x000000001d23f800 JavaThread "jar transforms Thread 88" [_thread_blocked, id=14556, stack(0x0000000027ff0000,0x00000000280f0000)]
  0x000000001d239800 JavaThread "jar transforms Thread 87" [_thread_blocked, id=12688, stack(0x0000000027ef0000,0x0000000027ff0000)]
  0x000000001d189000 JavaThread "jar transforms Thread 86" [_thread_blocked, id=17308, stack(0x0000000027df0000,0x0000000027ef0000)]
  0x000000001d184800 JavaThread "jar transforms Thread 85" [_thread_blocked, id=4868, stack(0x0000000027cf0000,0x0000000027df0000)]
  0x000000001d183800 JavaThread "jar transforms Thread 84" [_thread_blocked, id=8768, stack(0x0000000027bf0000,0x0000000027cf0000)]
  0x000000001d187800 JavaThread "jar transforms Thread 83" [_thread_blocked, id=6340, stack(0x0000000027af0000,0x0000000027bf0000)]
  0x000000001d186000 JavaThread "jar transforms Thread 82" [_thread_blocked, id=15716, stack(0x00000000279f0000,0x0000000027af0000)]
  0x000000001d188000 JavaThread "jar transforms Thread 81" [_thread_blocked, id=4248, stack(0x00000000278f0000,0x00000000279f0000)]
  0x000000001d186800 JavaThread "jar transforms Thread 80" [_thread_blocked, id=17084, stack(0x00000000277f0000,0x00000000278f0000)]
  0x000000001d183000 JavaThread "jar transforms Thread 79" [_thread_blocked, id=9312, stack(0x00000000276f0000,0x00000000277f0000)]
  0x000000001d185000 JavaThread "jar transforms Thread 78" [_thread_blocked, id=9960, stack(0x00000000275f0000,0x00000000276f0000)]
  0x000000001d17b800 JavaThread "jar transforms Thread 77" [_thread_blocked, id=9048, stack(0x00000000274f0000,0x00000000275f0000)]
  0x000000001d182000 JavaThread "jar transforms Thread 76" [_thread_blocked, id=12748, stack(0x00000000273f0000,0x00000000274f0000)]
  0x000000001d181800 JavaThread "jar transforms Thread 75" [_thread_blocked, id=14836, stack(0x00000000272f0000,0x00000000273f0000)]
  0x000000001d17c000 JavaThread "jar transforms Thread 74" [_thread_blocked, id=15544, stack(0x00000000271f0000,0x00000000272f0000)]
  0x000000001d17a000 JavaThread "jar transforms Thread 73" [_thread_blocked, id=16088, stack(0x00000000270f0000,0x00000000271f0000)]
  0x000000001d180800 JavaThread "jar transforms Thread 72" [_thread_blocked, id=16524, stack(0x0000000026ff0000,0x00000000270f0000)]
  0x000000001d180000 JavaThread "jar transforms Thread 71" [_thread_blocked, id=10984, stack(0x0000000026ef0000,0x0000000026ff0000)]
  0x000000001d17f000 JavaThread "jar transforms Thread 70" [_thread_blocked, id=14440, stack(0x0000000026df0000,0x0000000026ef0000)]
  0x000000001d17e800 JavaThread "jar transforms Thread 69" [_thread_blocked, id=3284, stack(0x0000000026cf0000,0x0000000026df0000)]
  0x000000001d17d800 JavaThread "jar transforms Thread 68" [_thread_blocked, id=14048, stack(0x0000000026bf0000,0x0000000026cf0000)]
  0x000000001d17a800 JavaThread "jar transforms Thread 67" [_thread_blocked, id=13364, stack(0x0000000026af0000,0x0000000026bf0000)]
  0x000000001d17d000 JavaThread "jar transforms Thread 66" [_thread_blocked, id=12692, stack(0x00000000269f0000,0x0000000026af0000)]
  0x0000000020138800 JavaThread "jar transforms Thread 65" [_thread_blocked, id=11732, stack(0x00000000268f0000,0x00000000269f0000)]
  0x0000000020137000 JavaThread "jar transforms Thread 64" [_thread_blocked, id=5472, stack(0x00000000267f0000,0x00000000268f0000)]
  0x0000000020136000 JavaThread "jar transforms Thread 63" [_thread_blocked, id=15372, stack(0x00000000266f0000,0x00000000267f0000)]
  0x0000000020137800 JavaThread "jar transforms Thread 62" [_thread_blocked, id=7724, stack(0x00000000265f0000,0x00000000266f0000)]
  0x0000000020135800 JavaThread "jar transforms Thread 61" [_thread_blocked, id=17104, stack(0x00000000264f0000,0x00000000265f0000)]
  0x0000000020139000 JavaThread "jar transforms Thread 60" [_thread_blocked, id=15212, stack(0x00000000263f0000,0x00000000264f0000)]
  0x000000002012e000 JavaThread "jar transforms Thread 59" [_thread_blocked, id=2904, stack(0x00000000262f0000,0x00000000263f0000)]
  0x0000000020133000 JavaThread "jar transforms Thread 58" [_thread_blocked, id=15016, stack(0x00000000261f0000,0x00000000262f0000)]
  0x0000000020134000 JavaThread "jar transforms Thread 57" [_thread_blocked, id=15436, stack(0x00000000260f0000,0x00000000261f0000)]
  0x0000000020134800 JavaThread "jar transforms Thread 56" [_thread_blocked, id=12108, stack(0x0000000025ff0000,0x00000000260f0000)]
  0x0000000020132800 JavaThread "jar transforms Thread 55" [_thread_blocked, id=14932, stack(0x0000000025ef0000,0x0000000025ff0000)]
  0x000000002012e800 JavaThread "jar transforms Thread 54" [_thread_blocked, id=7980, stack(0x0000000025df0000,0x0000000025ef0000)]
  0x0000000020131800 JavaThread "jar transforms Thread 53" [_thread_blocked, id=15868, stack(0x0000000025cf0000,0x0000000025df0000)]
  0x000000002012a000 JavaThread "jar transforms Thread 52" [_thread_blocked, id=16276, stack(0x0000000025bf0000,0x0000000025cf0000)]
  0x000000002012d000 JavaThread "jar transforms Thread 51" [_thread_blocked, id=15920, stack(0x0000000025af0000,0x0000000025bf0000)]
  0x000000002012b800 JavaThread "jar transforms Thread 50" [_thread_blocked, id=14120, stack(0x00000000259f0000,0x0000000025af0000)]
  0x0000000020130000 JavaThread "jar transforms Thread 49" [_thread_blocked, id=2616, stack(0x00000000258f0000,0x00000000259f0000)]
  0x000000002012b000 JavaThread "jar transforms Thread 48" [_thread_blocked, id=17124, stack(0x00000000257f0000,0x00000000258f0000)]
  0x000000002012f800 JavaThread "jar transforms Thread 47" [_thread_blocked, id=13080, stack(0x00000000256f0000,0x00000000257f0000)]
  0x0000000020131000 JavaThread "jar transforms Thread 46" [_thread_blocked, id=13804, stack(0x00000000255f0000,0x00000000256f0000)]
  0x000000002012c800 JavaThread "jar transforms Thread 45" [_thread_blocked, id=12564, stack(0x00000000254f0000,0x00000000255f0000)]
  0x000000001cef3000 JavaThread "jar transforms Thread 44" [_thread_blocked, id=14324, stack(0x00000000253f0000,0x00000000254f0000)]
  0x000000001cef2800 JavaThread "jar transforms Thread 43" [_thread_blocked, id=10208, stack(0x00000000252f0000,0x00000000253f0000)]
  0x000000001cef1800 JavaThread "jar transforms Thread 42" [_thread_blocked, id=8216, stack(0x00000000251f0000,0x00000000252f0000)]
  0x000000001cef1000 JavaThread "jar transforms Thread 41" [_thread_blocked, id=17036, stack(0x00000000250f0000,0x00000000251f0000)]
  0x000000001cef0000 JavaThread "jar transforms Thread 40" [_thread_blocked, id=13464, stack(0x0000000024ff0000,0x00000000250f0000)]
  0x000000001cef4000 JavaThread "jar transforms Thread 39" [_thread_blocked, id=15480, stack(0x0000000024ef0000,0x0000000024ff0000)]
  0x000000001cee8800 JavaThread "jar transforms Thread 38" [_thread_blocked, id=15924, stack(0x0000000024df0000,0x0000000024ef0000)]
  0x000000001ceef800 JavaThread "jar transforms Thread 37" [_thread_blocked, id=2588, stack(0x0000000024cf0000,0x0000000024df0000)]
  0x000000001ceee800 JavaThread "jar transforms Thread 36" [_thread_blocked, id=17148, stack(0x0000000024bf0000,0x0000000024cf0000)]
  0x000000001ceed000 JavaThread "jar transforms Thread 35" [_thread_blocked, id=16060, stack(0x0000000024af0000,0x0000000024bf0000)]
  0x000000001ceec800 JavaThread "jar transforms Thread 34" [_thread_blocked, id=14284, stack(0x00000000249f0000,0x0000000024af0000)]
  0x000000001ceee000 JavaThread "jar transforms Thread 33" [_thread_blocked, id=5140, stack(0x00000000248f0000,0x00000000249f0000)]
  0x000000001cee5000 JavaThread "jar transforms Thread 32" [_thread_blocked, id=17340, stack(0x00000000247f0000,0x00000000248f0000)]
  0x000000001cee5800 JavaThread "jar transforms Thread 31" [_thread_blocked, id=12428, stack(0x00000000246f0000,0x00000000247f0000)]
  0x000000001ceea000 JavaThread "jar transforms Thread 30" [_thread_blocked, id=14224, stack(0x00000000245f0000,0x00000000246f0000)]
  0x000000001cee8000 JavaThread "jar transforms Thread 29" [_thread_blocked, id=16192, stack(0x00000000244f0000,0x00000000245f0000)]
  0x000000001cee6800 JavaThread "jar transforms Thread 28" [_thread_blocked, id=13100, stack(0x00000000243f0000,0x00000000244f0000)]
  0x000000001cee9800 JavaThread "jar transforms Thread 27" [_thread_blocked, id=9648, stack(0x00000000242f0000,0x00000000243f0000)]
  0x000000001ceeb000 JavaThread "jar transforms Thread 26" [_thread_blocked, id=13748, stack(0x00000000241f0000,0x00000000242f0000)]
  0x000000001ceeb800 JavaThread "jar transforms Thread 25" [_thread_blocked, id=17064, stack(0x00000000240f0000,0x00000000241f0000)]
  0x000000001cee7000 JavaThread "jar transforms Thread 24" [_thread_blocked, id=8332, stack(0x0000000023ff0000,0x00000000240f0000)]
  0x0000000018b84000 JavaThread "jar transforms Thread 23" [_thread_blocked, id=14036, stack(0x0000000023ef0000,0x0000000023ff0000)]
  0x0000000018b80800 JavaThread "jar transforms Thread 22" [_thread_blocked, id=16824, stack(0x0000000023df0000,0x0000000023ef0000)]
  0x0000000018b82000 JavaThread "jar transforms Thread 21" [_thread_blocked, id=2788, stack(0x0000000023cf0000,0x0000000023df0000)]
  0x0000000018b83800 JavaThread "jar transforms Thread 20" [_thread_blocked, id=14948, stack(0x0000000023bf0000,0x0000000023cf0000)]
  0x0000000018b7f800 JavaThread "jar transforms Thread 19" [_thread_blocked, id=6564, stack(0x0000000023af0000,0x0000000023bf0000)]
  0x0000000018b7f000 JavaThread "jar transforms Thread 18" [_thread_blocked, id=15056, stack(0x00000000239f0000,0x0000000023af0000)]
  0x0000000018b7e000 JavaThread "jar transforms Thread 17" [_thread_blocked, id=13228, stack(0x00000000238f0000,0x00000000239f0000)]
  0x0000000018b81000 JavaThread "jar transforms Thread 16" [_thread_blocked, id=6148, stack(0x00000000237f0000,0x00000000238f0000)]
  0x0000000018b82800 JavaThread "jar transforms Thread 15" [_thread_blocked, id=15248, stack(0x00000000236f0000,0x00000000237f0000)]
  0x0000000018b7d800 JavaThread "jar transforms Thread 14" [_thread_blocked, id=11808, stack(0x00000000235f0000,0x00000000236f0000)]
  0x000000001a858800 JavaThread "jar transforms Thread 13" [_thread_blocked, id=14152, stack(0x00000000234f0000,0x00000000235f0000)]
  0x000000001a858000 JavaThread "jar transforms Thread 12" [_thread_blocked, id=9368, stack(0x00000000233f0000,0x00000000234f0000)]
  0x000000001a857000 JavaThread "jar transforms Thread 11" [_thread_blocked, id=16532, stack(0x00000000232f0000,0x00000000233f0000)]
  0x000000001a856800 JavaThread "jar transforms Thread 10" [_thread_blocked, id=3056, stack(0x00000000230f0000,0x00000000231f0000)]
  0x000000001a855800 JavaThread "jar transforms Thread 9" [_thread_blocked, id=17144, stack(0x0000000022ff0000,0x00000000230f0000)]
  0x000000001a84e000 JavaThread "jar transforms Thread 8" [_thread_blocked, id=14184, stack(0x0000000022ef0000,0x0000000022ff0000)]
  0x000000001a851000 JavaThread "jar transforms Thread 7" [_thread_blocked, id=16084, stack(0x0000000022df0000,0x0000000022ef0000)]
  0x000000001a855000 JavaThread "jar transforms Thread 6" [_thread_blocked, id=14116, stack(0x0000000022cf0000,0x0000000022df0000)]
  0x000000001a852800 JavaThread "jar transforms Thread 5" [_thread_blocked, id=6384, stack(0x0000000022bf0000,0x0000000022cf0000)]
  0x000000001a84e800 JavaThread "jar transforms Thread 4" [_thread_blocked, id=14616, stack(0x0000000022af0000,0x0000000022bf0000)]
  0x000000001a854000 JavaThread "jar transforms Thread 3" [_thread_blocked, id=16196, stack(0x00000000229f0000,0x0000000022af0000)]
  0x000000001a84d000 JavaThread "jar transforms Thread 2" [_thread_blocked, id=13616, stack(0x00000000228f0000,0x00000000229f0000)]
  0x000000001a84c800 JavaThread "Build operations Thread 4" [_thread_blocked, id=14492, stack(0x00000000227f0000,0x00000000228f0000)]
  0x000000001a852000 JavaThread "Build operations Thread 3" [_thread_blocked, id=14332, stack(0x00000000226f0000,0x00000000227f0000)]
  0x000000001a853800 JavaThread "Build operations Thread 2" [_thread_blocked, id=14188, stack(0x00000000225f0000,0x00000000226f0000)]
  0x000000001a84a000 JavaThread "Build operations" [_thread_blocked, id=16180, stack(0x00000000224f0000,0x00000000225f0000)]
  0x000000001a7da800 JavaThread "Cache worker for file content cache (C:\Users\kma_s\.gradle\caches\6.5\fileContent)" [_thread_blocked, id=14704, stack(0x0000000020e20000,0x0000000020f20000)]
  0x000000001a7da000 JavaThread "jar transforms" [_thread_blocked, id=9456, stack(0x0000000020d20000,0x0000000020e20000)]
  0x000000001a7d9000 JavaThread "Cache worker for execution history cache (C:\Users\kma_s\.gradle\caches\6.5\executionHistory)" [_thread_blocked, id=8844, stack(0x000000001f620000,0x000000001f720000)]
  0x000000001a7d8800 JavaThread "Cache worker for cache directory md-rule (C:\Users\kma_s\.gradle\caches\6.5\md-rule)" [_thread_blocked, id=15528, stack(0x000000001f520000,0x000000001f620000)]
  0x000000001a7dd000 JavaThread "Cache worker for cache directory md-supplier (C:\Users\kma_s\.gradle\caches\6.5\md-supplier)" [_thread_blocked, id=1404, stack(0x000000001f420000,0x000000001f520000)]
  0x000000001a7d7800 JavaThread "Cache worker for checksums cache (C:\Users\kma_s\Documents\PROJETOS ANDROID\ZENITECH\ZCALL_MOBILE_ENTREGADOR_VERSIONADO\.gradle\checksums)" [_thread_blocked, id=14676, stack(0x000000001f320000,0x000000001f420000)]
  0x000000001a7d7000 JavaThread "Cache worker for file hash cache (C:\Users\kma_s\Documents\PROJETOS ANDROID\ZENITECH\ZCALL_MOBILE_ENTREGADOR_VERSIONADO\.gradle\6.5\fileHashes)" [_thread_blocked, id=2512, stack(0x000000001f020000,0x000000001f120000)]
  0x000000001a7d6000 JavaThread "Cache worker for file hash cache (C:\Users\kma_s\.gradle\caches\6.5\fileHashes)" [_thread_blocked, id=14128, stack(0x000000001db50000,0x000000001dc50000)]
  0x000000001a7db800 JavaThread "File lock request listener" [_thread_in_native, id=13892, stack(0x000000001ca80000,0x000000001cb80000)]
  0x000000001a7dc000 JavaThread "Cache worker for journal cache (C:\Users\kma_s\.gradle\caches\journal-1)" [_thread_blocked, id=4412, stack(0x000000001c980000,0x000000001ca80000)]
  0x0000000018be3000 JavaThread "Thread-9" [_thread_blocked, id=15820, stack(0x000000001c680000,0x000000001c780000)]
  0x0000000018be2000 JavaThread "Stdin handler" [_thread_blocked, id=16220, stack(0x000000001c580000,0x000000001c680000)]
  0x0000000018c24000 JavaThread "Asynchronous log dispatcher for DefaultDaemonConnection: socket connection from /127.0.0.1:58567 to /127.0.0.1:58568" [_thread_blocked, id=13384, stack(0x000000001c480000,0x000000001c580000)]
  0x0000000018c21800 JavaThread "Daemon worker" [_thread_in_Java, id=16356, stack(0x000000001c380000,0x000000001c480000)]
  0x000000001a550800 JavaThread "Cancel handler" [_thread_blocked, id=16144, stack(0x000000001c280000,0x000000001c380000)]
  0x000000001a308000 JavaThread "Handler for socket connection from /127.0.0.1:58567 to /127.0.0.1:58568" [_thread_in_native, id=14744, stack(0x000000001c180000,0x000000001c280000)]
  0x000000001a307000 JavaThread "Daemon" [_thread_blocked, id=8240, stack(0x000000001c080000,0x000000001c180000)]
  0x000000001a511000 JavaThread "Daemon periodic checks" [_thread_blocked, id=5864, stack(0x000000001bd80000,0x000000001be80000)]
  0x000000001a4b7800 JavaThread "Incoming local TCP Connector on port 58567" [_thread_in_native, id=1240, stack(0x000000001bb20000,0x000000001bc20000)]
  0x00000000188e0000 JavaThread "Daemon health stats" [_thread_blocked, id=11228, stack(0x000000001b4e0000,0x000000001b5e0000)]
  0x0000000018561000 JavaThread "Service Thread" daemon [_thread_blocked, id=15880, stack(0x0000000018940000,0x0000000018a40000)]
  0x0000000016bc9000 JavaThread "C1 CompilerThread2" daemon [_thread_blocked, id=13676, stack(0x0000000018440000,0x0000000018540000)]
=>0x0000000016bbb000 JavaThread "C2 CompilerThread1" daemon [_thread_in_native, id=17220, stack(0x0000000018340000,0x0000000018440000)]
  0x0000000016bb3000 JavaThread "C2 CompilerThread0" daemon [_thread_in_native, id=17040, stack(0x0000000018240000,0x0000000018340000)]
  0x0000000016bb2000 JavaThread "Attach Listener" daemon [_thread_blocked, id=7224, stack(0x0000000018140000,0x0000000018240000)]
  0x0000000016bb6800 JavaThread "Signal Dispatcher" daemon [_thread_blocked, id=13992, stack(0x0000000018040000,0x0000000018140000)]
  0x000000000323c000 JavaThread "Finalizer" daemon [_thread_blocked, id=17304, stack(0x0000000017e30000,0x0000000017f30000)]
  0x0000000016b99000 JavaThread "Reference Handler" daemon [_thread_blocked, id=17176, stack(0x0000000017d30000,0x0000000017e30000)]
  0x0000000002f3e800 JavaThread "main" [_thread_blocked, id=17208, stack(0x0000000003040000,0x0000000003140000)]

Other Threads:
  0x0000000016b76800 VMThread [stack: 0x0000000017c30000,0x0000000017d30000] [id=15600]
  0x0000000018561800 WatcherThread [stack: 0x0000000018a40000,0x0000000018b40000] [id=14988]

VM state:not at safepoint (normal execution)

VM Mutex/Monitor currently owned by a thread: None

heap address: 0x00000000a0000000, size: 1536 MB, Compressed Oops mode: 32-bit
Narrow klass base: 0x0000000000000000, Narrow klass shift: 3
Compressed class space size: 1073741824 Address: 0x0000000100000000

Heap:
 PSYoungGen      total 331264K, used 31551K [0x00000000e0000000, 0x00000000f6080000, 0x0000000100000000)
  eden space 305664K, 1% used [0x00000000e0000000,0x00000000e05d0c98,0x00000000f2a80000)
  from space 25600K, 99% used [0x00000000f2a80000,0x00000000f437f338,0x00000000f4380000)
  to   space 18944K, 0% used [0x00000000f4380000,0x00000000f4380000,0x00000000f5600000)
 ParOldGen       total 74240K, used 43869K [0x00000000a0000000, 0x00000000a4880000, 0x00000000e0000000)
  object space 74240K, 59% used [0x00000000a0000000,0x00000000a2ad7630,0x00000000a4880000)
 Metaspace       used 65217K, capacity 68262K, committed 68392K, reserved 1107968K
  class space    used 8899K, capacity 9502K, committed 9520K, reserved 1048576K

Card table byte_map: [0x0000000012600000,0x0000000012910000] byte_map_base: 0x0000000012100000

Marking Bits: (ParMarkBitMap*) 0x000000006c3df030
 Begin Bits: [0x0000000012f10000, 0x0000000014710000)
 End Bits:   [0x0000000014710000, 0x0000000015f10000)

Polling page: 0x00000000016c0000

CodeCache: size=245760Kb used=24845Kb max_used=24845Kb free=220914Kb
 bounds [0x0000000003240000, 0x0000000004aa0000, 0x0000000012240000]
 total_blobs=8723 nmethods=7939 adapters=696
 compilation: enabled

Compilation events (10 events):
Event: 14.298 Thread 0x0000000016bc9000 8861       3       org.gradle.internal.snapshot.impl.SnapshotSerializer::read (516 bytes)
Event: 14.300 Thread 0x0000000016bc9000 nmethod 8861 0x0000000004a914d0 code [0x0000000004a91d00, 0x0000000004a96f88]
Event: 14.300 Thread 0x0000000016bc9000 8862       3       com.esotericsoftware.kryo.io.Input::readString (127 bytes)
Event: 14.301 Thread 0x0000000016bc9000 nmethod 8862 0x0000000004a9a910 code [0x0000000004a9aae0, 0x0000000004a9aff8]
Event: 14.307 Thread 0x0000000016bc9000 8865       2       org.gradle.internal.vfs.DefaultAdditiveCacheLocations::isInsideAdditiveCache (11 bytes)
Event: 14.307 Thread 0x0000000016bc9000 nmethod 8865 0x0000000004a9b210 code [0x0000000004a9b380, 0x0000000004a9b508]
Event: 14.346 Thread 0x0000000016bc9000 8867       3       java.io.FileInputStream::finalize (22 bytes)
Event: 14.346 Thread 0x0000000016bc9000 nmethod 8867 0x0000000004a9b590 code [0x0000000004a9b700, 0x0000000004a9b928]
Event: 14.355 Thread 0x0000000016bc9000 8868       1       com.google.common.cache.LocalCache$StrongValueReference::copyFor (2 bytes)
Event: 14.356 Thread 0x0000000016bc9000 nmethod 8868 0x0000000004a9b9d0 code [0x0000000004a9bb20, 0x0000000004a9bc30]

GC Heap History (10 events):
Event: 4.275 GC heap before
{Heap before GC invocations=10 (full 2):
 PSYoungGen      total 243200K, used 8458K [0x00000000e0000000, 0x00000000efd00000, 0x0000000100000000)
  eden space 230400K, 0% used [0x00000000e0000000,0x00000000e0000000,0x00000000ee100000)
  from space 12800K, 66% used [0x00000000ef080000,0x00000000ef8c2ad8,0x00000000efd00000)
  to   space 14336K, 0% used [0x00000000ee100000,0x00000000ee100000,0x00000000eef00000)
 ParOldGen       total 52224K, used 9073K [0x00000000a0000000, 0x00000000a3300000, 0x00000000e0000000)
  object space 52224K, 17% used [0x00000000a0000000,0x00000000a08dc578,0x00000000a3300000)
 Metaspace       used 34275K, capacity 35458K, committed 35496K, reserved 1079296K
  class space    used 4719K, capacity 5038K, committed 5040K, reserved 1048576K
Event: 4.319 GC heap after
Heap after GC invocations=10 (full 2):
 PSYoungGen      total 243200K, used 0K [0x00000000e0000000, 0x00000000efd00000, 0x0000000100000000)
  eden space 230400K, 0% used [0x00000000e0000000,0x00000000e0000000,0x00000000ee100000)
  from space 12800K, 0% used [0x00000000ef080000,0x00000000ef080000,0x00000000efd00000)
  to   space 14336K, 0% used [0x00000000ee100000,0x00000000ee100000,0x00000000eef00000)
 ParOldGen       total 74240K, used 14877K [0x00000000a0000000, 0x00000000a4880000, 0x00000000e0000000)
  object space 74240K, 20% used [0x00000000a0000000,0x00000000a0e87618,0x00000000a4880000)
 Metaspace       used 34275K, capacity 35458K, committed 35496K, reserved 1079296K
  class space    used 4719K, capacity 5038K, committed 5040K, reserved 1048576K
}
Event: 6.074 GC heap before
{Heap before GC invocations=11 (full 2):
 PSYoungGen      total 243200K, used 230400K [0x00000000e0000000, 0x00000000efd00000, 0x0000000100000000)
  eden space 230400K, 100% used [0x00000000e0000000,0x00000000ee100000,0x00000000ee100000)
  from space 12800K, 0% used [0x00000000ef080000,0x00000000ef080000,0x00000000efd00000)
  to   space 14336K, 0% used [0x00000000ee100000,0x00000000ee100000,0x00000000eef00000)
 ParOldGen       total 74240K, used 14877K [0x00000000a0000000, 0x00000000a4880000, 0x00000000e0000000)
  object space 74240K, 20% used [0x00000000a0000000,0x00000000a0e87618,0x00000000a4880000)
 Metaspace       used 46697K, capacity 48598K, committed 48808K, reserved 1091584K
  class space    used 6308K, capacity 6714K, committed 6832K, reserved 1048576K
Event: 6.091 GC heap after
Heap after GC invocations=11 (full 2):
 PSYoungGen      total 244736K, used 14327K [0x00000000e0000000, 0x00000000f5600000, 0x0000000100000000)
  eden space 230400K, 0% used [0x00000000e0000000,0x00000000e0000000,0x00000000ee100000)
  from space 14336K, 99% used [0x00000000ee100000,0x00000000eeefdd30,0x00000000eef00000)
  to   space 18944K, 0% used [0x00000000f4380000,0x00000000f4380000,0x00000000f5600000)
 ParOldGen       total 74240K, used 21384K [0x00000000a0000000, 0x00000000a4880000, 0x00000000e0000000)
  object space 74240K, 28% used [0x00000000a0000000,0x00000000a14e22d0,0x00000000a4880000)
 Metaspace       used 46697K, capacity 48598K, committed 48808K, reserved 1091584K
  class space    used 6308K, capacity 6714K, committed 6832K, reserved 1048576K
}
Event: 7.765 GC heap before
{Heap before GC invocations=12 (full 2):
 PSYoungGen      total 244736K, used 179110K [0x00000000e0000000, 0x00000000f5600000, 0x0000000100000000)
  eden space 230400K, 71% used [0x00000000e0000000,0x00000000ea0ebae8,0x00000000ee100000)
  from space 14336K, 99% used [0x00000000ee100000,0x00000000eeefdd30,0x00000000eef00000)
  to   space 18944K, 0% used [0x00000000f4380000,0x00000000f4380000,0x00000000f5600000)
 ParOldGen       total 74240K, used 21384K [0x00000000a0000000, 0x00000000a4880000, 0x00000000e0000000)
  object space 74240K, 28% used [0x00000000a0000000,0x00000000a14e22d0,0x00000000a4880000)
 Metaspace       used 56727K, capacity 59074K, committed 59160K, reserved 1099776K
  class space    used 7761K, capacity 8284K, committed 8368K, reserved 1048576K
Event: 7.798 GC heap after
Heap after GC invocations=12 (full 2):
 PSYoungGen      total 324608K, used 18940K [0x00000000e0000000, 0x00000000f6080000, 0x0000000100000000)
  eden space 305664K, 0% used [0x00000000e0000000,0x00000000e0000000,0x00000000f2a80000)
  from space 18944K, 99% used [0x00000000f4380000,0x00000000f55ff320,0x00000000f5600000)
  to   space 25600K, 0% used [0x00000000f2a80000,0x00000000f2a80000,0x00000000f4380000)
 ParOldGen       total 74240K, used 32056K [0x00000000a0000000, 0x00000000a4880000, 0x00000000e0000000)
  object space 74240K, 43% used [0x00000000a0000000,0x00000000a1f4e210,0x00000000a4880000)
 Metaspace       used 56727K, capacity 59074K, committed 59160K, reserved 1099776K
  class space    used 7761K, capacity 8284K, committed 8368K, reserved 1048576K
}
Event: 7.798 GC heap before
{Heap before GC invocations=13 (full 3):
 PSYoungGen      total 324608K, used 18940K [0x00000000e0000000, 0x00000000f6080000, 0x0000000100000000)
  eden space 305664K, 0% used [0x00000000e0000000,0x00000000e0000000,0x00000000f2a80000)
  from space 18944K, 99% used [0x00000000f4380000,0x00000000f55ff320,0x00000000f5600000)
  to   space 25600K, 0% used [0x00000000f2a80000,0x00000000f2a80000,0x00000000f4380000)
 ParOldGen       total 74240K, used 32056K [0x00000000a0000000, 0x00000000a4880000, 0x00000000e0000000)
  object space 74240K, 43% used [0x00000000a0000000,0x00000000a1f4e210,0x00000000a4880000)
 Metaspace       used 56727K, capacity 59074K, committed 59160K, reserved 1099776K
  class space    used 7761K, capacity 8284K, committed 8368K, reserved 1048576K
Event: 7.964 GC heap after
Heap after GC invocations=13 (full 3):
 PSYoungGen      total 324608K, used 0K [0x00000000e0000000, 0x00000000f6080000, 0x0000000100000000)
  eden space 305664K, 0% used [0x00000000e0000000,0x00000000e0000000,0x00000000f2a80000)
  from space 18944K, 0% used [0x00000000f4380000,0x00000000f4380000,0x00000000f5600000)
  to   space 25600K, 0% used [0x00000000f2a80000,0x00000000f2a80000,0x00000000f4380000)
 ParOldGen       total 74240K, used 41757K [0x00000000a0000000, 0x00000000a4880000, 0x00000000e0000000)
  object space 74240K, 56% used [0x00000000a0000000,0x00000000a28c77e0,0x00000000a4880000)
 Metaspace       used 56707K, capacity 59008K, committed 59160K, reserved 1099776K
  class space    used 7755K, capacity 8273K, committed 8368K, reserved 1048576K
}
Event: 14.309 GC heap before
{Heap before GC invocations=14 (full 3):
 PSYoungGen      total 324608K, used 305664K [0x00000000e0000000, 0x00000000f6080000, 0x0000000100000000)
  eden space 305664K, 100% used [0x00000000e0000000,0x00000000f2a80000,0x00000000f2a80000)
  from space 18944K, 0% used [0x00000000f4380000,0x00000000f4380000,0x00000000f5600000)
  to   space 25600K, 0% used [0x00000000f2a80000,0x00000000f2a80000,0x00000000f4380000)
 ParOldGen       total 74240K, used 41757K [0x00000000a0000000, 0x00000000a4880000, 0x00000000e0000000)
  object space 74240K, 56% used [0x00000000a0000000,0x00000000a28c77e0,0x00000000a4880000)
 Metaspace       used 65216K, capacity 68262K, committed 68392K, reserved 1107968K
  class space    used 8899K, capacity 9502K, committed 9520K, reserved 1048576K
Event: 14.342 GC heap after
Heap after GC invocations=14 (full 3):
 PSYoungGen      total 331264K, used 25596K [0x00000000e0000000, 0x00000000f6080000, 0x0000000100000000)
  eden space 305664K, 0% used [0x00000000e0000000,0x00000000e0000000,0x00000000f2a80000)
  from space 25600K, 99% used [0x00000000f2a80000,0x00000000f437f338,0x00000000f4380000)
  to   space 18944K, 0% used [0x00000000f4380000,0x00000000f4380000,0x00000000f5600000)
 ParOldGen       total 74240K, used 43869K [0x00000000a0000000, 0x00000000a4880000, 0x00000000e0000000)
  object space 74240K, 59% used [0x00000000a0000000,0x00000000a2ad7630,0x00000000a4880000)
 Metaspace       used 65216K, capacity 68262K, committed 68392K, reserved 1107968K
  class space    used 8899K, capacity 9502K, committed 9520K, reserved 1048576K
}

Deoptimization events (10 events):
Event: 14.163 Thread 0x0000000018c21800 Uncommon trap: reason=class_check action=maybe_recompile pc=0x00000000049bb404 method=org.gradle.internal.snapshot.SnapshotHierarchy.getSnapshot(Ljava/lang/String;)Ljava/util/Optional; @ 2
Event: 14.163 Thread 0x0000000018c21800 Uncommon trap: reason=class_check action=maybe_recompile pc=0x00000000049bb404 method=org.gradle.internal.snapshot.SnapshotHierarchy.getSnapshot(Ljava/lang/String;)Ljava/util/Optional; @ 2
Event: 14.168 Thread 0x0000000018c21800 Uncommon trap: reason=bimorphic action=maybe_recompile pc=0x000000000495b918 method=org.gradle.internal.Try$Success.map(Ljava/util/function/Function;)Lorg/gradle/internal/Try; @ 5
Event: 14.172 Thread 0x0000000018c21800 Uncommon trap: reason=class_check action=maybe_recompile pc=0x00000000049bb410 method=org.gradle.internal.vfs.impl.DefaultSnapshotHierarchy.getMetadata(Ljava/lang/String;)Ljava/util/Optional; @ 9
Event: 14.172 Thread 0x0000000018c21800 Uncommon trap: reason=class_check action=maybe_recompile pc=0x00000000049bb410 method=org.gradle.internal.vfs.impl.DefaultSnapshotHierarchy.getMetadata(Ljava/lang/String;)Ljava/util/Optional; @ 9
Event: 14.175 Thread 0x0000000018c21800 Uncommon trap: reason=bimorphic action=maybe_recompile pc=0x000000000495b918 method=org.gradle.internal.Try$Success.map(Ljava/util/function/Function;)Lorg/gradle/internal/Try; @ 5
Event: 14.185 Thread 0x0000000018c21800 Uncommon trap: reason=unstable_if action=reinterpret pc=0x00000000049e2580 method=org.gradle.api.internal.artifacts.transform.DefaultTransformer.isIsolated()Z @ 4
Event: 14.186 Thread 0x0000000018c21800 Uncommon trap: reason=unstable_if action=reinterpret pc=0x00000000047fcb54 method=org.gradle.api.internal.artifacts.transform.DefaultTransformer.isIsolated()Z @ 4
Event: 14.224 Thread 0x0000000018c21800 Uncommon trap: reason=class_check action=maybe_recompile pc=0x00000000049779fc method=com.google.common.cache.LocalCache$Segment.get(Ljava/lang/Object;I)Ljava/lang/Object; @ 49
Event: 14.304 Thread 0x0000000018c21800 Uncommon trap: reason=bimorphic action=maybe_recompile pc=0x000000000474d0d4 method=java.util.stream.AbstractPipeline.<init>(Ljava/util/stream/AbstractPipeline;I)V @ 66

Classes redefined (0 events):
No events

Internal exceptions (10 events):
Event: 12.954 Thread 0x000000001a853800 Exception <a 'java/lang/NoSuchMethodError': java.lang.Object.lambda$flatMap$2(Ljava/util/function/Function;Ljava/lang/Object;)Lorg/gradle/internal/Try;> (0x00000000e7521b78) thrown at [C:\src\AOSP-openjdk-git\hotspot\src\share\vm\interpreter\linkResolver.
Event: 12.954 Thread 0x000000001a852000 Exception <a 'java/lang/NoSuchMethodError': java.lang.Object.lambda$flatMap$2(Ljava/util/function/Function;Ljava/lang/Object;)Lorg/gradle/internal/Try;> (0x00000000e6bfe3a0) thrown at [C:\src\AOSP-openjdk-git\hotspot\src\share\vm\interpreter\linkResolver.
Event: 13.521 Thread 0x0000000018c21800 Exception <a 'java/lang/NoSuchMethodError': java.lang.Object.lambda$flatMap$0(Ljava/lang/Throwable;)Lorg/gradle/api/internal/artifacts/transform/CacheableInvocation;> (0x00000000e70702c8) thrown at [C:\src\AOSP-openjdk-git\hotspot\src\share\vm\interpreter
Event: 14.079 Thread 0x0000000018be3000 Exception <a 'java/lang/NoSuchMethodError': <clinit>> (0x00000000e0009928) thrown at [C:\src\AOSP-openjdk-git\hotspot\src\share\vm\prims\jni.cpp, line 1615]
Event: 14.079 Thread 0x0000000018be3000 Exception <a 'java/lang/NoSuchMethodError': <clinit>> (0x00000000e0015038) thrown at [C:\src\AOSP-openjdk-git\hotspot\src\share\vm\prims\jni.cpp, line 1615]
Event: 14.100 Thread 0x0000000018be3000 Exception <a 'java/lang/NoSuchMethodError': <clinit>> (0x00000000e0021b00) thrown at [C:\src\AOSP-openjdk-git\hotspot\src\share\vm\prims\jni.cpp, line 1615]
Event: 14.101 Thread 0x0000000018be3000 Exception <a 'java/lang/NoSuchMethodError': <clinit>> (0x00000000e0032888) thrown at [C:\src\AOSP-openjdk-git\hotspot\src\share\vm\prims\jni.cpp, line 1615]
Event: 14.101 Thread 0x0000000018be3000 Exception <a 'java/lang/NoSuchMethodError': <clinit>> (0x00000000e00343c0) thrown at [C:\src\AOSP-openjdk-git\hotspot\src\share\vm\prims\jni.cpp, line 1615]
Event: 14.133 Thread 0x0000000018be3000 Exception <a 'java/lang/NoSuchMethodError': <clinit>> (0x00000000e00411e0) thrown at [C:\src\AOSP-openjdk-git\hotspot\src\share\vm\prims\jni.cpp, line 1615]
Event: 14.165 Thread 0x0000000018c21800 Exception <a 'java/lang/NoSuchMethodError': java.lang.Object.lambda$static$0(Lorg/gradle/internal/snapshot/SnapshotHierarchy$DiffCapturingUpdateFunction;Lorg/gradle/internal/snapshot/SnapshotHierarchy;)Lorg/gradle/internal/snapshot/SnapshotHierarchy;> (0x

Events (10 events):
Event: 14.305 loading class java/util/stream/SortedOps$SizedRefSortingSink
Event: 14.305 loading class java/util/stream/SortedOps$SizedRefSortingSink done
Event: 14.309 Executing VM operation: ParallelGCFailedAllocation
Event: 14.342 Executing VM operation: ParallelGCFailedAllocation done
Event: 14.345 Executing VM operation: RevokeBias
Event: 14.346 Executing VM operation: RevokeBias done
Event: 14.346 Executing VM operation: RevokeBias
Event: 14.346 Executing VM operation: RevokeBias done
Event: 14.346 Executing VM operation: RevokeBias
Event: 14.347 Executing VM operation: RevokeBias done


Dynamic libraries:
0x00007ff635a70000 - 0x00007ff635aa1000 	C:\Program Files\Android\Android Studio\jre\bin\java.exe
0x00007ff80bed0000 - 0x00007ff80c0c5000 	C:\WINDOWS\SYSTEM32\ntdll.dll
0x00007ff80a850000 - 0x00007ff80a90d000 	C:\WINDOWS\System32\KERNEL32.DLL
0x00007ff809610000 - 0x00007ff8098d8000 	C:\WINDOWS\System32\KERNELBASE.dll
0x00007ff80abb0000 - 0x00007ff80ac5c000 	C:\WINDOWS\System32\ADVAPI32.dll
0x00007ff80a7b0000 - 0x00007ff80a84e000 	C:\WINDOWS\System32\msvcrt.dll
0x00007ff80b690000 - 0x00007ff80b72b000 	C:\WINDOWS\System32\sechost.dll
0x00007ff80a140000 - 0x00007ff80a26b000 	C:\WINDOWS\System32\RPCRT4.dll
0x00007ff80ac60000 - 0x00007ff80ae00000 	C:\WINDOWS\System32\USER32.dll
0x00007ff809e60000 - 0x00007ff809e82000 	C:\WINDOWS\System32\win32u.dll
0x00007ff80a390000 - 0x00007ff80a3ba000 	C:\WINDOWS\System32\GDI32.dll
0x00007ff809910000 - 0x00007ff809a1b000 	C:\WINDOWS\System32\gdi32full.dll
0x00007ff809e90000 - 0x00007ff809f2d000 	C:\WINDOWS\System32\msvcp_win.dll
0x00007ff809d10000 - 0x00007ff809e10000 	C:\WINDOWS\System32\ucrtbase.dll
0x00007ff800110000 - 0x00007ff8003aa000 	C:\WINDOWS\WinSxS\amd64_microsoft.windows.common-controls_6595b64144ccf1df_6.0.19041.844_none_ca00b6081b84eb1d\COMCTL32.dll
0x00007ff80ab20000 - 0x00007ff80ab50000 	C:\WINDOWS\System32\IMM32.DLL
0x000000006d680000 - 0x000000006d752000 	C:\Program Files\Android\Android Studio\jre\jre\bin\msvcr100.dll
0x000000006bc10000 - 0x000000006c45b000 	C:\Program Files\Android\Android Studio\jre\jre\bin\server\jvm.dll
0x00007ff80a7a0000 - 0x00007ff80a7a8000 	C:\WINDOWS\System32\PSAPI.DLL
0x00007ff8017d0000 - 0x00007ff8017f7000 	C:\WINDOWS\SYSTEM32\WINMM.dll
0x00007ff801de0000 - 0x00007ff801dea000 	C:\WINDOWS\SYSTEM32\VERSION.dll
0x00007ff804cf0000 - 0x00007ff804cf9000 	C:\WINDOWS\SYSTEM32\WSOCK32.dll
0x00007ff80aed0000 - 0x00007ff80af3b000 	C:\WINDOWS\System32\WS2_32.dll
0x00007ffffdd60000 - 0x00007ffffdd6f000 	C:\Program Files\Android\Android Studio\jre\jre\bin\verify.dll
0x00007fffe4040000 - 0x00007fffe4069000 	C:\Program Files\Android\Android Studio\jre\jre\bin\java.dll
0x00007ffff5f10000 - 0x00007ffff5f26000 	C:\Program Files\Android\Android Studio\jre\jre\bin\zip.dll
0x00007ff80af40000 - 0x00007ff80b682000 	C:\WINDOWS\System32\SHELL32.dll
0x00007ff8076f0000 - 0x00007ff807e81000 	C:\WINDOWS\SYSTEM32\windows.storage.dll
0x00007ff80a440000 - 0x00007ff80a795000 	C:\WINDOWS\System32\combase.dll
0x00007ff809080000 - 0x00007ff8090ac000 	C:\WINDOWS\SYSTEM32\Wldp.dll
0x00007ff80bd50000 - 0x00007ff80bdfe000 	C:\WINDOWS\System32\SHCORE.dll
0x00007ff80ab50000 - 0x00007ff80aba5000 	C:\WINDOWS\System32\shlwapi.dll
0x00007ff809550000 - 0x00007ff80956f000 	C:\WINDOWS\SYSTEM32\profapi.dll
0x00007fffe3ec0000 - 0x00007fffe3eda000 	C:\Program Files\Android\Android Studio\jre\jre\bin\net.dll
0x00007ff808d30000 - 0x00007ff808d9a000 	C:\WINDOWS\system32\mswsock.dll
0x00007fffd9560000 - 0x00007fffd9573000 	C:\Program Files\Android\Android Studio\jre\jre\bin\nio.dll
0x00007fffc4070000 - 0x00007fffc4097000 	C:\Users\kma_s\.gradle\native\f6784746aeab05261644944871eae4fe03e0ef1612fff0a4a95f87b438bc6780\windows-amd64\native-platform.dll
0x00007ffffdd50000 - 0x00007ffffdd5d000 	C:\Program Files\Android\Android Studio\jre\jre\bin\management.dll
0x00007ff808f60000 - 0x00007ff808f78000 	C:\WINDOWS\SYSTEM32\CRYPTSP.dll
0x00007ff808680000 - 0x00007ff8086b4000 	C:\WINDOWS\system32\rsaenh.dll
0x00007ff8098e0000 - 0x00007ff809907000 	C:\WINDOWS\System32\bcrypt.dll
0x00007ff8094d0000 - 0x00007ff8094fe000 	C:\WINDOWS\SYSTEM32\USERENV.dll
0x00007ff809a20000 - 0x00007ff809aa0000 	C:\WINDOWS\System32\bcryptprimitives.dll
0x00007ff808f50000 - 0x00007ff808f5c000 	C:\WINDOWS\SYSTEM32\CRYPTBASE.dll
0x00007ff808a40000 - 0x00007ff808a7b000 	C:\WINDOWS\SYSTEM32\IPHLPAPI.DLL
0x00007ff809ff0000 - 0x00007ff809ff8000 	C:\WINDOWS\System32\NSI.dll
0x00007ff8049c0000 - 0x00007ff8049d7000 	C:\WINDOWS\SYSTEM32\dhcpcsvc6.DLL
0x00007ff804850000 - 0x00007ff80486d000 	C:\WINDOWS\SYSTEM32\dhcpcsvc.DLL
0x00007ff808a80000 - 0x00007ff808b4c000 	C:\WINDOWS\SYSTEM32\DNSAPI.dll
0x00007ff8049e0000 - 0x00007ff8049eb000 	C:\WINDOWS\SYSTEM32\WINNSI.DLL

VM Arguments:
jvm_args: -Xmx1536m -Dfile.encoding=windows-1252 -Duser.country=BR -Duser.language=pt -Duser.variant 
java_command: org.gradle.launcher.daemon.bootstrap.GradleDaemon 6.5
java_class_path (initial): C:\Users\kma_s\.gradle\wrapper\dists\gradle-6.5-all\2oz4ud9k3tuxjg84bbf55q0tn\gradle-6.5\lib\gradle-launcher-6.5.jar
Launcher Type: SUN_STANDARD

Environment Variables:
JAVA_HOME=C:\Program Files\Java\jdk-13.0.1
PATH=C:\WINDOWS\system32;C:\WINDOWS;C:\WINDOWS\System32\Wbem;C:\WINDOWS\System32\WindowsPowerShell\v1.0\;C:\WINDOWS\System32\OpenSSH\;C:\Program Files\dotnet\;C:\Program Files\TortoiseSVN\bin;C:\Program Files\Git\cmd;C:\flutter\bin;C:\Users\kma_s\AppData\Local\Microsoft\WindowsApps;C:\Users\kma_s\AppData\Local\Programs\Microsoft VS Code\bin;C:\Users\kma_s\AppData\Local\GitHubDesktop\bin;C:\Users\kma_s\AppData\Local\Microsoft\WindowsApps;C:\Users\kma_s\.dotnet\tools;C:\Users\kma_s\AppData\Local\JetBrains\JetBrains Rider 2020.3.4\bin;
USERNAME=kma_s
OS=Windows_NT
PROCESSOR_IDENTIFIER=Intel64 Family 6 Model 60 Stepping 3, GenuineIntel



---------------  S Y S T E M  ---------------

OS: Windows 10.0 , 64 bit Build 19041 (10.0.19041.928)

CPU:total 4 (initial active 4) (4 cores per cpu, 1 threads per core) family 6 model 60 stepping 3, cmov, cx8, fxsr, mmx, sse, sse2, sse3, ssse3, sse4.1, sse4.2, popcnt, avx, avx2, aes, clmul, erms, lzcnt, tsc, tscinvbit, bmi1, bmi2

Memory: 4k page, physical 8252640k(1382160k free), swap 15546968k(5776k free)

vm_info: OpenJDK 64-Bit Server VM (25.242-b01) for windows-amd64 JRE (1.8.0_242-release-1644-b01), built by "builder" with MS VC++ 10.0 (VS2010)

time: Thu Apr 15 08:44:35 2021
timezone: Hora Padrão de Buenos Aires
elapsed time: 14 seconds (0d 0h 0m 14s)

