#
# A fatal error has been detected by the Java Runtime Environment:
#
#  EXCEPTION_ACCESS_VIOLATION (0xc0000005) at pc=0x00007fff589e8d58, pid=8920, tid=11924
#
# JRE version: OpenJDK Runtime Environment (11.0.8+10) (build 11.0.8+10-b944.6842174)
# Java VM: OpenJDK 64-Bit Server VM (11.0.8+10-b944.6842174, mixed mode, tiered, compressed oops, g1 gc, windows-amd64)
# Problematic frame:
# V  [jvm.dll+0x818d58]
#
# No core dump will be written. Minidumps are not enabled by default on client versions of Windows
#
# If you would like to submit a bug report, please visit:
#   https://bugreport.java.com/bugreport/crash.jsp
#

---------------  S U M M A R Y ------------

Command Line: --add-opens=java.base/java.util=ALL-UNNAMED --add-opens=java.base/java.lang=ALL-UNNAMED --add-opens=java.base/java.lang.invoke=ALL-UNNAMED --add-opens=java.prefs/java.util.prefs=ALL-UNNAMED -Xmx1536m -Dfile.encoding=windows-1252 -Duser.country=BR -Duser.language=pt -Duser.variant org.gradle.launcher.daemon.bootstrap.GradleDaemon 6.7.1

Host: Intel(R) Core(TM) i5-4670K CPU @ 3.40GHz, 4 cores, 7G,  Windows 10 , 64 bit Build 19041 (10.0.19041.928)
Time: Thu May 13 11:11:08 2021 Hora Padrão de Buenos Aires elapsed time: 7 seconds (0d 0h 0m 7s)

---------------  T H R E A D  ---------------

Current thread (0x00000236c7c9a000):  GCTaskThread "GC Thread#3" [stack: 0x0000008ad7900000,0x0000008ad7a00000] [id=11924]

Stack: [0x0000008ad7900000,0x0000008ad7a00000],  sp=0x0000008ad79ff8a8,  free space=1022k
Native frames: (J=compiled Java code, j=interpreted, Vv=VM code, C=native code)
V  [jvm.dll+0x818d58]


siginfo: EXCEPTION_ACCESS_VIOLATION (0xc0000005), data execution prevention violation at address 0x00007fff589e8d58


Register to memory mapping:

RIP=0x00007fff589e8d58 jvm.dll
RAX=0x0000000000000236 is an unknown value
RBX=0x00000000a4c82ca8 is an oop: 
[error occurred during error reporting (printing register info), id 0xc0000005, EXCEPTION_ACCESS_VIOLATION (0xc0000005) at pc=0x00007fff5879bc7d]

Registers:
RAX=0x0000000000000236, RBX=0x00000000a4c82ca8, RCX=0x0000008ad79ffa80, RDX=0x00000000a4c82ca8
RSP=0x0000008ad79ff8a8, RBP=0x0000008ad79ffa20, RSI=0x00000001000000d0, RDI=0x0000008ad79ff940
R8 =0x0000000100034bb0, R9 =0x00007fff58b51260, R10=0x0000000000000015, R11=0x0000000000980000
R12=0x0000000000000000, R13=0x0000000000000000, R14=0x00000236acf548b0, R15=0x0000000000000000
RIP=0x00007fff589e8d58, EFLAGS=0x0000000000010202

Top of Stack: (sp=0x0000008ad79ff8a8)
0x0000008ad79ff8a8:   00007fff584b7c3a 0000008ad79ffa20
0x0000008ad79ff8b8:   00000000a4c82ca8 0000008ad79ff940
0x0000008ad79ff8c8:   00000000a4c82c90 00000000a4c00000
0x0000008ad79ff8d8:   0000000000020000 00000236acf548b0
0x0000008ad79ff8e8:   00007fff585175ce 0000008ad79ff940
0x0000008ad79ff8f8:   000000000000ffff 00000000a4c82ca8
0x0000008ad79ff908:   00000236c807e230 0000000000000000
0x0000008ad79ff918:   00007fff584b7cfb 0000008ad79ffa20
0x0000008ad79ff928:   0000000000000000 000000e99f4e02aa
0x0000008ad79ff938:   00007fff584cd22a 00007fff589dfc90
0x0000008ad79ff948:   00000236acec5740 00000236acef0b20
0x0000008ad79ff958:   00000236acf548b0 00000001000000d0
0x0000008ad79ff968:   0000008ad79ffa80 00000000d79ff900
0x0000008ad79ff978:   00000000a4c00000 00000236acec5c30
0x0000008ad79ff988:   00007fff584b7a52 0000000000000013
0x0000008ad79ff998:   00000236acf548b0 0000000000000000 

Instructions: (pc=0x00007fff589e8d58)
0x00007fff589e8c58:   79 70 65 5f 61 6e 6e 6f 74 61 74 69 6f 6e 73 00
0x00007fff589e8c68:   6d 65 74 68 6f 64 73 5f 61 6e 6e 6f 74 61 74 69
0x00007fff589e8c78:   6f 6e 73 00 00 00 00 00 6d 65 74 68 6f 64 73 5f
0x00007fff589e8c88:   70 61 72 61 6d 65 74 65 72 5f 61 6e 6e 6f 74 61
0x00007fff589e8c98:   74 69 6f 6e 73 00 00 00 6d 65 74 68 6f 64 73 5f
0x00007fff589e8ca8:   74 79 70 65 5f 61 6e 6e 6f 74 61 74 69 6f 6e 73
0x00007fff589e8cb8:   00 00 00 00 00 00 00 00 6d 65 74 68 6f 64 73 5f
0x00007fff589e8cc8:   64 65 66 61 75 6c 74 5f 61 6e 6e 6f 74 61 74 69
0x00007fff589e8cd8:   6f 6e 73 00 00 00 00 00 61 6e 6e 6f 74 61 74 69
0x00007fff589e8ce8:   6f 6e 73 00 43 70 00 00 43 70 54 61 67 73 00 00
0x00007fff589e8cf8:   43 70 43 61 63 68 65 00 43 70 4f 70 65 72 61 6e
0x00007fff589e8d08:   64 73 00 00 00 00 00 00 43 70 52 65 66 4d 61 70
0x00007fff589e8d18:   00 00 00 00 43 70 41 6c 6c 00 00 00 00 00 00 00
0x00007fff589e8d28:   4d 65 74 68 6f 64 42 79 74 65 73 00 00 00 00 00
0x00007fff589e8d38:   53 74 61 63 6b 4d 61 70 00 00 00 00 00 00 00 00
0x00007fff589e8d48:   42 79 74 65 63 6f 64 65 73 00 00 00 00 00 00 00
0x00007fff589e8d58:   4d 65 74 68 6f 64 41 6c 6c 00 00 00 52 4f 41 6c
0x00007fff589e8d68:   6c 00 00 00 52 57 41 6c 6c 00 00 00 54 6f 74 61
0x00007fff589e8d78:   6c 00 00 00 00 00 00 00 53 69 7a 65 20 6f 66 20
0x00007fff589e8d88:   65 61 63 68 20 6f 62 6a 65 63 74 20 69 6e 73 74
0x00007fff589e8d98:   61 6e 63 65 20 6f 66 20 74 68 65 20 4a 61 76 61
0x00007fff589e8da8:   20 63 6c 61 73 73 00 00 4e 75 6d 62 65 72 20 6f
0x00007fff589e8db8:   66 20 6f 62 6a 65 63 74 20 69 6e 73 74 61 6e 63
0x00007fff589e8dc8:   65 73 20 6f 66 20 74 68 65 20 4a 61 76 61 20 63
0x00007fff589e8dd8:   6c 61 73 73 00 00 00 00 54 68 69 73 20 69 73 20
0x00007fff589e8de8:   75 73 75 61 6c 6c 79 20 28 49 6e 73 74 53 69 7a
0x00007fff589e8df8:   65 20 2a 20 49 6e 73 74 4e 75 6d 29 2e 20 54 68
0x00007fff589e8e08:   65 20 6f 6e 6c 79 20 65 78 63 65 70 74 69 6f 6e
0x00007fff589e8e18:   20 69 73 20 6a 61 76 61 2e 6c 61 6e 67 2e 43 6c
0x00007fff589e8e28:   61 73 73 2c 20 77 68 6f 73 65 20 49 6e 73 74 42
0x00007fff589e8e38:   79 74 65 73 20 61 6c 73 6f 20 69 6e 63 6c 75 64
0x00007fff589e8e48:   65 73 20 74 68 65 20 73 6c 6f 74 73 20 75 73 65 


Stack slot to memory mapping:
stack at sp + 0 slots: 0x00007fff584b7c3a jvm.dll
stack at sp + 1 slots: 0x0000008ad79ffa20 points into unknown readable memory: a0 fc 9d 58 ff 7f 00 00
stack at sp + 2 slots: 0x00000000a4c82ca8 is an oop: 
[error occurred during error reporting (inspecting top of stack), id 0xc0000005, EXCEPTION_ACCESS_VIOLATION (0xc0000005) at pc=0x00007fff5879bc7d]


---------------  P R O C E S S  ---------------

Threads class SMR info:
_java_thread_list=0x00000236c6c19910, length=30, elements={
0x00000236aceb8000, 0x00000236c5da6000, 0x00000236c5dcb800, 0x00000236c5de0800,
0x00000236c5de3800, 0x00000236c5de5800, 0x00000236c5dea800, 0x00000236c5def000,
0x00000236c68ca000, 0x00000236c6901000, 0x00000236c8991800, 0x00000236c82bd000,
0x00000236c7ce8800, 0x00000236c818e000, 0x00000236c8621800, 0x00000236c791d800,
0x00000236c791e000, 0x00000236c7ff8800, 0x00000236c82e4800, 0x00000236c81ac000,
0x00000236c85e8000, 0x00000236c85e7000, 0x00000236c85ea800, 0x00000236c85eb000,
0x00000236c85e6000, 0x00000236c85ec000, 0x00000236c85e8800, 0x00000236c85ed000,
0x00000236c85e9800, 0x00000236ca996800
}

Java Threads: ( => current thread )
  0x00000236aceb8000 JavaThread "main" [_thread_blocked, id=3408, stack(0x0000008ad5a00000,0x0000008ad5b00000)]
  0x00000236c5da6000 JavaThread "Reference Handler" daemon [_thread_blocked, id=2832, stack(0x0000008ad6100000,0x0000008ad6200000)]
  0x00000236c5dcb800 JavaThread "Finalizer" daemon [_thread_blocked, id=3252, stack(0x0000008ad6200000,0x0000008ad6300000)]
  0x00000236c5de0800 JavaThread "Signal Dispatcher" daemon [_thread_blocked, id=492, stack(0x0000008ad6300000,0x0000008ad6400000)]
  0x00000236c5de3800 JavaThread "Attach Listener" daemon [_thread_blocked, id=8580, stack(0x0000008ad6400000,0x0000008ad6500000)]
  0x00000236c5de5800 JavaThread "C2 CompilerThread0" daemon [_thread_blocked, id=12396, stack(0x0000008ad6500000,0x0000008ad6600000)]
  0x00000236c5dea800 JavaThread "C1 CompilerThread0" daemon [_thread_blocked, id=9864, stack(0x0000008ad6600000,0x0000008ad6700000)]
  0x00000236c5def000 JavaThread "Sweeper thread" daemon [_thread_blocked, id=11316, stack(0x0000008ad6700000,0x0000008ad6800000)]
  0x00000236c68ca000 JavaThread "Common-Cleaner" daemon [_thread_blocked, id=8280, stack(0x0000008ad6800000,0x0000008ad6900000)]
  0x00000236c6901000 JavaThread "Service Thread" daemon [_thread_blocked, id=9376, stack(0x0000008ad6900000,0x0000008ad6a00000)]
  0x00000236c8991800 JavaThread "Daemon health stats" [_thread_blocked, id=9784, stack(0x0000008ad6e00000,0x0000008ad6f00000)]
  0x00000236c82bd000 JavaThread "Incoming local TCP Connector on port 53821" [_thread_in_native, id=11972, stack(0x0000008ad7000000,0x0000008ad7100000)]
  0x00000236c7ce8800 JavaThread "Daemon periodic checks" [_thread_blocked, id=5104, stack(0x0000008ad7100000,0x0000008ad7200000)]
  0x00000236c818e000 JavaThread "Daemon" [_thread_blocked, id=5868, stack(0x0000008ad7200000,0x0000008ad7300000)]
  0x00000236c8621800 JavaThread "Handler for socket connection from /127.0.0.1:53821 to /127.0.0.1:53822" [_thread_in_native, id=10404, stack(0x0000008ad7300000,0x0000008ad7400000)]
  0x00000236c791d800 JavaThread "Cancel handler" [_thread_blocked, id=6256, stack(0x0000008ad7400000,0x0000008ad7500000)]
  0x00000236c791e000 JavaThread "Daemon worker" [_thread_blocked, id=5880, stack(0x0000008ad7500000,0x0000008ad7600000)]
  0x00000236c7ff8800 JavaThread "Asynchronous log dispatcher for DefaultDaemonConnection: socket connection from /127.0.0.1:53821 to /127.0.0.1:53822" [_thread_blocked, id=11112, stack(0x0000008ad7600000,0x0000008ad7700000)]
  0x00000236c82e4800 JavaThread "Stdin handler" [_thread_blocked, id=3404, stack(0x0000008ad7700000,0x0000008ad7800000)]
  0x00000236c81ac000 JavaThread "Thread-8" [_thread_blocked, id=11360, stack(0x0000008ad7800000,0x0000008ad7900000)]
  0x00000236c85e8000 JavaThread "Cache worker for file hash cache (C:\Users\kma_s\.gradle\caches\6.7.1\fileHashes)" [_thread_blocked, id=3688, stack(0x0000008ad7a00000,0x0000008ad7b00000)]
  0x00000236c85e7000 JavaThread "File lock request listener" [_thread_in_native, id=5296, stack(0x0000008ad7b00000,0x0000008ad7c00000)]
  0x00000236c85ea800 JavaThread "Cache worker for journal cache (C:\Users\kma_s\.gradle\caches\journal-1)" [_thread_blocked, id=12232, stack(0x0000008ad7c00000,0x0000008ad7d00000)]
  0x00000236c85eb000 JavaThread "Cache worker for file hash cache (C:\Users\kma_s\Documents\PROJETOS ANDROID\ZENITECH\ZCALL_MOBILE_ENTREGADOR_VERSIONADO\.gradle\6.7.1\fileHashes)" [_thread_blocked, id=3704, stack(0x0000008ad7e00000,0x0000008ad7f00000)]
  0x00000236c85e6000 JavaThread "Cache worker for checksums cache (C:\Users\kma_s\Documents\PROJETOS ANDROID\ZENITECH\ZCALL_MOBILE_ENTREGADOR_VERSIONADO\.gradle\checksums)" [_thread_blocked, id=10756, stack(0x0000008ad7f00000,0x0000008ad8000000)]
  0x00000236c85ec000 JavaThread "Cache worker for cache directory md-supplier (C:\Users\kma_s\.gradle\caches\6.7.1\md-supplier)" [_thread_blocked, id=10340, stack(0x0000008ad7d00000,0x0000008ad7e00000)]
  0x00000236c85e8800 JavaThread "Cache worker for cache directory md-rule (C:\Users\kma_s\.gradle\caches\6.7.1\md-rule)" [_thread_blocked, id=6252, stack(0x0000008ad8000000,0x0000008ad8100000)]
  0x00000236c85ed000 JavaThread "Cache worker for execution history cache (C:\Users\kma_s\.gradle\caches\6.7.1\executionHistory)" [_thread_blocked, id=11540, stack(0x0000008ad8100000,0x0000008ad8200000)]
  0x00000236c85e9800 JavaThread "jar transforms" [_thread_blocked, id=12876, stack(0x0000008ad8200000,0x0000008ad8300000)]
  0x00000236ca996800 JavaThread "Cache worker for file content cache (C:\Users\kma_s\.gradle\caches\6.7.1\fileContent)" [_thread_blocked, id=5092, stack(0x0000008ad8300000,0x0000008ad8400000)]

Other Threads:
  0x00000236c5da4000 VMThread "VM Thread" [stack: 0x0000008ad6000000,0x0000008ad6100000] [id=1760]
  0x00000236c68ec000 WatcherThread [stack: 0x0000008ad6a00000,0x0000008ad6b00000] [id=8664]
  0x00000236aced0800 GCTaskThread "GC Thread#0" [stack: 0x0000008ad5b00000,0x0000008ad5c00000] [id=4916]
  0x00000236c6904800 GCTaskThread "GC Thread#1" [stack: 0x0000008ad6c00000,0x0000008ad6d00000] [id=2996]
  0x00000236c6afd000 GCTaskThread "GC Thread#2" [stack: 0x0000008ad6d00000,0x0000008ad6e00000] [id=13032]
=>0x00000236c7c9a000 GCTaskThread "GC Thread#3" [stack: 0x0000008ad7900000,0x0000008ad7a00000] [id=11924]
  0x00000236acef7800 ConcurrentGCThread "G1 Main Marker" [stack: 0x0000008ad5c00000,0x0000008ad5d00000] [id=8608]
  0x00000236acefa800 ConcurrentGCThread "G1 Conc#0" [stack: 0x0000008ad5d00000,0x0000008ad5e00000] [id=11072]
  0x00000236acf86800 ConcurrentGCThread "G1 Refine#0" [stack: 0x0000008ad5e00000,0x0000008ad5f00000] [id=5316]
  0x00000236acf87800 ConcurrentGCThread "G1 Young RemSet Sampling" [stack: 0x0000008ad5f00000,0x0000008ad6000000] [id=7424]

Threads with active compile tasks:

VM state:at safepoint (normal execution)

VM Mutex/Monitor currently owned by a thread:  ([mutex/lock_event])
[0x00000236aceb5760] Threads_lock - owner thread: 0x00000236c5da4000
[0x00000236aceb5910] Heap_lock - owner thread: 0x00000236c791e000

Heap address: 0x00000000a0000000, size: 1536 MB, Compressed Oops mode: 32-bit
Narrow klass base: 0x0000000000000000, Narrow klass shift: 3
Compressed class space size: 1073741824 Address: 0x0000000100000000

Heap:
 garbage-first heap   total 129024K, used 90335K [0x00000000a0000000, 0x0000000100000000)
  region size 1024K, 70 young (71680K), 7 survivors (7168K)
 Metaspace       used 41025K, capacity 41966K, committed 42240K, reserved 1085440K
  class space    used 5249K, capacity 5600K, committed 5632K, reserved 1048576K
Heap Regions: E=young(eden), S=young(survivor), O=old, HS=humongous(starts), HC=humongous(continues), CS=collection set, F=free, A=archive, TAMS=top-at-mark-start (previous, next)
|   0|0x00000000a0000000, 0x00000000a0100000, 0x00000000a0100000|100%| O|  |TAMS 0x00000000a0100000, 0x00000000a0000000| Untracked 
|   1|0x00000000a0100000, 0x00000000a0200000, 0x00000000a0200000|100%| O|  |TAMS 0x00000000a0200000, 0x00000000a0100000| Untracked 
|   2|0x00000000a0200000, 0x00000000a0300000, 0x00000000a0300000|100%| O|  |TAMS 0x00000000a0300000, 0x00000000a0200000| Untracked 
|   3|0x00000000a0300000, 0x00000000a0400000, 0x00000000a0400000|100%|HS|  |TAMS 0x00000000a0400000, 0x00000000a0300000| Complete 
|   4|0x00000000a0400000, 0x00000000a0500000, 0x00000000a0500000|100%|HC|  |TAMS 0x00000000a0500000, 0x00000000a0400000| Complete 
|   5|0x00000000a0500000, 0x00000000a0600000, 0x00000000a0600000|100%|HC|  |TAMS 0x00000000a0600000, 0x00000000a0500000| Complete 
|   6|0x00000000a0600000, 0x00000000a0700000, 0x00000000a0700000|100%| O|  |TAMS 0x00000000a0700000, 0x00000000a0600000| Untracked 
|   7|0x00000000a0700000, 0x00000000a0800000, 0x00000000a0800000|100%| O|  |TAMS 0x00000000a0800000, 0x00000000a0700000| Untracked 
|   8|0x00000000a0800000, 0x00000000a0900000, 0x00000000a0900000|100%| O|  |TAMS 0x00000000a0900000, 0x00000000a0800000| Untracked 
|   9|0x00000000a0900000, 0x00000000a0a00000, 0x00000000a0a00000|100%| O|  |TAMS 0x00000000a0a00000, 0x00000000a0900000| Untracked 
|  10|0x00000000a0a00000, 0x00000000a0b00000, 0x00000000a0b00000|100%| O|  |TAMS 0x00000000a0b00000, 0x00000000a0a00000| Untracked 
|  11|0x00000000a0b00000, 0x00000000a0c00000, 0x00000000a0c00000|100%| O|  |TAMS 0x00000000a0c00000, 0x00000000a0b00000| Untracked 
|  12|0x00000000a0c00000, 0x00000000a0d00000, 0x00000000a0d00000|100%| O|  |TAMS 0x00000000a0d00000, 0x00000000a0c00000| Untracked 
|  13|0x00000000a0d00000, 0x00000000a0e00000, 0x00000000a0e00000|100%| O|  |TAMS 0x00000000a0e00000, 0x00000000a0d00000| Untracked 
|  14|0x00000000a0e00000, 0x00000000a0f00000, 0x00000000a0f00000|100%| O|  |TAMS 0x00000000a0f00000, 0x00000000a0e00000| Untracked 
|  15|0x00000000a0f00000, 0x00000000a1000000, 0x00000000a1000000|100%| O|  |TAMS 0x00000000a0f55400, 0x00000000a0f00000| Untracked 
|  16|0x00000000a1000000, 0x00000000a1100000, 0x00000000a1100000|100%|HS|  |TAMS 0x00000000a1000000, 0x00000000a1000000| Complete 
|  17|0x00000000a1100000, 0x00000000a1200000, 0x00000000a1200000|100%|HS|  |TAMS 0x00000000a1100000, 0x00000000a1100000| Complete 
|  18|0x00000000a1200000, 0x00000000a1300000, 0x00000000a1300000|100%|HC|  |TAMS 0x00000000a1200000, 0x00000000a1200000| Complete 
|  19|0x00000000a1300000, 0x00000000a1400000, 0x00000000a1400000|100%|HS|  |TAMS 0x00000000a1300000, 0x00000000a1300000| Complete 
|  20|0x00000000a1400000, 0x00000000a1500000, 0x00000000a1500000|100%| O|  |TAMS 0x00000000a1400000, 0x00000000a1400000| Untracked 
|  21|0x00000000a1500000, 0x00000000a1600000, 0x00000000a1600000|100%| O|  |TAMS 0x00000000a1500000, 0x00000000a1500000| Untracked 
|  22|0x00000000a1600000, 0x00000000a1600000, 0x00000000a1700000|  0%| F|  |TAMS 0x00000000a1600000, 0x00000000a1600000| Untracked 
|  23|0x00000000a1700000, 0x00000000a1700000, 0x00000000a1800000|  0%| F|  |TAMS 0x00000000a1700000, 0x00000000a1700000| Untracked 
|  24|0x00000000a1800000, 0x00000000a1800000, 0x00000000a1900000|  0%| F|  |TAMS 0x00000000a1800000, 0x00000000a1800000| Untracked 
|  25|0x00000000a1900000, 0x00000000a1900000, 0x00000000a1a00000|  0%| F|  |TAMS 0x00000000a1900000, 0x00000000a1900000| Untracked 
|  26|0x00000000a1a00000, 0x00000000a1a00000, 0x00000000a1b00000|  0%| F|  |TAMS 0x00000000a1a00000, 0x00000000a1a00000| Untracked 
|  27|0x00000000a1b00000, 0x00000000a1b00000, 0x00000000a1c00000|  0%| F|  |TAMS 0x00000000a1b00000, 0x00000000a1b00000| Untracked 
|  28|0x00000000a1c00000, 0x00000000a1c00000, 0x00000000a1d00000|  0%| F|  |TAMS 0x00000000a1c00000, 0x00000000a1c00000| Untracked 
|  29|0x00000000a1d00000, 0x00000000a1d00000, 0x00000000a1e00000|  0%| F|  |TAMS 0x00000000a1d00000, 0x00000000a1d00000| Untracked 
|  30|0x00000000a1e00000, 0x00000000a1e00000, 0x00000000a1f00000|  0%| F|  |TAMS 0x00000000a1e00000, 0x00000000a1e00000| Untracked 
|  31|0x00000000a1f00000, 0x00000000a1f00000, 0x00000000a2000000|  0%| F|  |TAMS 0x00000000a1f00000, 0x00000000a1f00000| Untracked 
|  32|0x00000000a2000000, 0x00000000a2000000, 0x00000000a2100000|  0%| F|  |TAMS 0x00000000a2000000, 0x00000000a2000000| Untracked 
|  33|0x00000000a2100000, 0x00000000a2100000, 0x00000000a2200000|  0%| F|  |TAMS 0x00000000a2100000, 0x00000000a2100000| Untracked 
|  34|0x00000000a2200000, 0x00000000a2200000, 0x00000000a2300000|  0%| F|  |TAMS 0x00000000a2200000, 0x00000000a2200000| Untracked 
|  35|0x00000000a2300000, 0x00000000a2300000, 0x00000000a2400000|  0%| F|  |TAMS 0x00000000a2300000, 0x00000000a2300000| Untracked 
|  36|0x00000000a2400000, 0x00000000a2400000, 0x00000000a2500000|  0%| F|  |TAMS 0x00000000a2400000, 0x00000000a2400000| Untracked 
|  37|0x00000000a2500000, 0x00000000a2500000, 0x00000000a2600000|  0%| F|  |TAMS 0x00000000a2500000, 0x00000000a2500000| Untracked 
|  38|0x00000000a2600000, 0x00000000a2600000, 0x00000000a2700000|  0%| F|  |TAMS 0x00000000a2600000, 0x00000000a2600000| Untracked 
|  39|0x00000000a2700000, 0x00000000a2700000, 0x00000000a2800000|  0%| F|  |TAMS 0x00000000a2700000, 0x00000000a2700000| Untracked 
|  40|0x00000000a2800000, 0x00000000a2800000, 0x00000000a2900000|  0%| F|  |TAMS 0x00000000a2800000, 0x00000000a2800000| Untracked 
|  41|0x00000000a2900000, 0x00000000a2900000, 0x00000000a2a00000|  0%| F|  |TAMS 0x00000000a2900000, 0x00000000a2900000| Untracked 
|  42|0x00000000a2a00000, 0x00000000a2a00000, 0x00000000a2b00000|  0%| F|  |TAMS 0x00000000a2a00000, 0x00000000a2a00000| Untracked 
|  43|0x00000000a2b00000, 0x00000000a2b00000, 0x00000000a2c00000|  0%| F|  |TAMS 0x00000000a2b00000, 0x00000000a2b00000| Untracked 
|  44|0x00000000a2c00000, 0x00000000a2c00000, 0x00000000a2d00000|  0%| F|  |TAMS 0x00000000a2c00000, 0x00000000a2c00000| Untracked 
|  45|0x00000000a2d00000, 0x00000000a2d00000, 0x00000000a2e00000|  0%| F|  |TAMS 0x00000000a2d00000, 0x00000000a2d00000| Untracked 
|  46|0x00000000a2e00000, 0x00000000a2e00000, 0x00000000a2f00000|  0%| F|  |TAMS 0x00000000a2e00000, 0x00000000a2e00000| Untracked 
|  47|0x00000000a2f00000, 0x00000000a2f00000, 0x00000000a3000000|  0%| F|  |TAMS 0x00000000a2f00000, 0x00000000a2f00000| Untracked 
|  48|0x00000000a3000000, 0x00000000a3000000, 0x00000000a3100000|  0%| F|  |TAMS 0x00000000a3000000, 0x00000000a3000000| Untracked 
|  49|0x00000000a3100000, 0x00000000a3100000, 0x00000000a3200000|  0%| F|  |TAMS 0x00000000a3100000, 0x00000000a3100000| Untracked 
|  50|0x00000000a3200000, 0x00000000a3300000, 0x00000000a3300000|100%| S|  |TAMS 0x00000000a3200000, 0x00000000a3200000| Complete 
|  51|0x00000000a3300000, 0x00000000a3400000, 0x00000000a3400000|100%| S|  |TAMS 0x00000000a3300000, 0x00000000a3300000| Complete 
|  52|0x00000000a3400000, 0x00000000a3500000, 0x00000000a3500000|100%| S|  |TAMS 0x00000000a3400000, 0x00000000a3400000| Complete 
|  53|0x00000000a3500000, 0x00000000a3600000, 0x00000000a3600000|100%| S|  |TAMS 0x00000000a3500000, 0x00000000a3500000| Complete 
|  54|0x00000000a3600000, 0x00000000a3700000, 0x00000000a3700000|100%| S|  |TAMS 0x00000000a3600000, 0x00000000a3600000| Complete 
|  55|0x00000000a3700000, 0x00000000a3800000, 0x00000000a3800000|100%| S|  |TAMS 0x00000000a3700000, 0x00000000a3700000| Complete 
|  56|0x00000000a3800000, 0x00000000a3900000, 0x00000000a3900000|100%| S|  |TAMS 0x00000000a3800000, 0x00000000a3800000| Complete 
|  57|0x00000000a3900000, 0x00000000a3a00000, 0x00000000a3a00000|100%| E|CS|TAMS 0x00000000a3900000, 0x00000000a3900000| Complete 
|  58|0x00000000a3a00000, 0x00000000a3b00000, 0x00000000a3b00000|100%| E|CS|TAMS 0x00000000a3a00000, 0x00000000a3a00000| Complete 
|  59|0x00000000a3b00000, 0x00000000a3c00000, 0x00000000a3c00000|100%| E|CS|TAMS 0x00000000a3b00000, 0x00000000a3b00000| Complete 
|  60|0x00000000a3c00000, 0x00000000a3d00000, 0x00000000a3d00000|100%| E|CS|TAMS 0x00000000a3c00000, 0x00000000a3c00000| Complete 
|  61|0x00000000a3d00000, 0x00000000a3e00000, 0x00000000a3e00000|100%| E|CS|TAMS 0x00000000a3d00000, 0x00000000a3d00000| Complete 
|  62|0x00000000a3e00000, 0x00000000a3f00000, 0x00000000a3f00000|100%| E|CS|TAMS 0x00000000a3e00000, 0x00000000a3e00000| Complete 
|  63|0x00000000a3f00000, 0x00000000a4000000, 0x00000000a4000000|100%| E|CS|TAMS 0x00000000a3f00000, 0x00000000a3f00000| Complete 
|  64|0x00000000a4000000, 0x00000000a4100000, 0x00000000a4100000|100%| E|CS|TAMS 0x00000000a4000000, 0x00000000a4000000| Complete 
|  65|0x00000000a4100000, 0x00000000a4200000, 0x00000000a4200000|100%| E|CS|TAMS 0x00000000a4100000, 0x00000000a4100000| Complete 
|  66|0x00000000a4200000, 0x00000000a4300000, 0x00000000a4300000|100%| E|CS|TAMS 0x00000000a4200000, 0x00000000a4200000| Complete 
|  67|0x00000000a4300000, 0x00000000a4400000, 0x00000000a4400000|100%| E|CS|TAMS 0x00000000a4300000, 0x00000000a4300000| Complete 
|  68|0x00000000a4400000, 0x00000000a4500000, 0x00000000a4500000|100%| E|CS|TAMS 0x00000000a4400000, 0x00000000a4400000| Complete 
|  69|0x00000000a4500000, 0x00000000a4600000, 0x00000000a4600000|100%| E|CS|TAMS 0x00000000a4500000, 0x00000000a4500000| Complete 
|  70|0x00000000a4600000, 0x00000000a4700000, 0x00000000a4700000|100%| E|CS|TAMS 0x00000000a4600000, 0x00000000a4600000| Complete 
|  71|0x00000000a4700000, 0x00000000a4800000, 0x00000000a4800000|100%| E|CS|TAMS 0x00000000a4700000, 0x00000000a4700000| Complete 
|  72|0x00000000a4800000, 0x00000000a4900000, 0x00000000a4900000|100%| E|CS|TAMS 0x00000000a4800000, 0x00000000a4800000| Complete 
|  73|0x00000000a4900000, 0x00000000a49e2b40, 0x00000000a4a00000| 88%| E|CS|TAMS 0x00000000a4900000, 0x00000000a4900000| Complete 
|  74|0x00000000a4a00000, 0x00000000a4b00000, 0x00000000a4b00000|100%| E|CS|TAMS 0x00000000a4a00000, 0x00000000a4a00000| Complete 
|  75|0x00000000a4b00000, 0x00000000a4c00000, 0x00000000a4c00000|100%| E|CS|TAMS 0x00000000a4b00000, 0x00000000a4b00000| Complete 
|  76|0x00000000a4c00000, 0x00000000a4d00000, 0x00000000a4d00000|100%| E|CS|TAMS 0x00000000a4c00000, 0x00000000a4c00000| Complete 
|  77|0x00000000a4d00000, 0x00000000a4e00000, 0x00000000a4e00000|100%| E|CS|TAMS 0x00000000a4d00000, 0x00000000a4d00000| Complete 
|  78|0x00000000a4e00000, 0x00000000a4f00000, 0x00000000a4f00000|100%| E|CS|TAMS 0x00000000a4f00000, 0x00000000a4e00000| Untracked 
|  79|0x00000000a4f00000, 0x00000000a5000000, 0x00000000a5000000|100%| E|CS|TAMS 0x00000000a4f00000, 0x00000000a4f00000| Complete 
|  80|0x00000000a5000000, 0x00000000a5100000, 0x00000000a5100000|100%| E|CS|TAMS 0x00000000a5000000, 0x00000000a5000000| Complete 
|  81|0x00000000a5100000, 0x00000000a5200000, 0x00000000a5200000|100%| E|CS|TAMS 0x00000000a5100000, 0x00000000a5100000| Complete 
|  82|0x00000000a5200000, 0x00000000a5300000, 0x00000000a5300000|100%| E|CS|TAMS 0x00000000a5200000, 0x00000000a5200000| Complete 
|  83|0x00000000a5300000, 0x00000000a5400000, 0x00000000a5400000|100%| E|CS|TAMS 0x00000000a5300000, 0x00000000a5300000| Complete 
|  84|0x00000000a5400000, 0x00000000a5500000, 0x00000000a5500000|100%| E|CS|TAMS 0x00000000a5400000, 0x00000000a5400000| Complete 
|  85|0x00000000a5500000, 0x00000000a5600000, 0x00000000a5600000|100%| E|CS|TAMS 0x00000000a5500000, 0x00000000a5500000| Complete 
|  86|0x00000000a5600000, 0x00000000a5700000, 0x00000000a5700000|100%| E|CS|TAMS 0x00000000a5600000, 0x00000000a5600000| Complete 
|  87|0x00000000a5700000, 0x00000000a5800000, 0x00000000a5800000|100%| E|CS|TAMS 0x00000000a5700000, 0x00000000a5700000| Complete 
|  88|0x00000000a5800000, 0x00000000a5900000, 0x00000000a5900000|100%| E|CS|TAMS 0x00000000a5800000, 0x00000000a5800000| Complete 
|  89|0x00000000a5900000, 0x00000000a5a00000, 0x00000000a5a00000|100%| E|CS|TAMS 0x00000000a5900000, 0x00000000a5900000| Complete 
|  90|0x00000000a5a00000, 0x00000000a5b00000, 0x00000000a5b00000|100%| E|CS|TAMS 0x00000000a5a00000, 0x00000000a5a00000| Complete 
|  91|0x00000000a5b00000, 0x00000000a5c00000, 0x00000000a5c00000|100%| E|CS|TAMS 0x00000000a5b00000, 0x00000000a5b00000| Complete 
|  92|0x00000000a5c00000, 0x00000000a5d00000, 0x00000000a5d00000|100%| E|CS|TAMS 0x00000000a5c00000, 0x00000000a5c00000| Complete 
|  93|0x00000000a5d00000, 0x00000000a5e00000, 0x00000000a5e00000|100%| E|CS|TAMS 0x00000000a5d00000, 0x00000000a5d00000| Complete 
|  94|0x00000000a5e00000, 0x00000000a5f00000, 0x00000000a5f00000|100%| E|CS|TAMS 0x00000000a5e00000, 0x00000000a5e00000| Complete 
|  95|0x00000000a5f00000, 0x00000000a6000000, 0x00000000a6000000|100%| E|CS|TAMS 0x00000000a5f00000, 0x00000000a5f00000| Complete 
|  96|0x00000000a6000000, 0x00000000a6100000, 0x00000000a6100000|100%| E|CS|TAMS 0x00000000a6000000, 0x00000000a6000000| Complete 
|  97|0x00000000a6100000, 0x00000000a6200000, 0x00000000a6200000|100%| E|CS|TAMS 0x00000000a6100000, 0x00000000a6100000| Complete 
|  98|0x00000000a6200000, 0x00000000a6300000, 0x00000000a6300000|100%| E|CS|TAMS 0x00000000a6200000, 0x00000000a6200000| Complete 
|  99|0x00000000a6300000, 0x00000000a6400000, 0x00000000a6400000|100%| E|CS|TAMS 0x00000000a6300000, 0x00000000a6300000| Complete 
| 100|0x00000000a6400000, 0x00000000a6500000, 0x00000000a6500000|100%| E|CS|TAMS 0x00000000a6400000, 0x00000000a6400000| Complete 
| 101|0x00000000a6500000, 0x00000000a6600000, 0x00000000a6600000|100%| E|CS|TAMS 0x00000000a6500000, 0x00000000a6500000| Complete 
| 102|0x00000000a6600000, 0x00000000a6700000, 0x00000000a6700000|100%| E|CS|TAMS 0x00000000a6600000, 0x00000000a6600000| Complete 
| 103|0x00000000a6700000, 0x00000000a6800000, 0x00000000a6800000|100%| E|CS|TAMS 0x00000000a6700000, 0x00000000a6700000| Complete 
| 104|0x00000000a6800000, 0x00000000a6900000, 0x00000000a6900000|100%| E|CS|TAMS 0x00000000a6800000, 0x00000000a6800000| Complete 
| 105|0x00000000a6900000, 0x00000000a6a00000, 0x00000000a6a00000|100%| E|CS|TAMS 0x00000000a6900000, 0x00000000a6900000| Complete 
| 106|0x00000000a6a00000, 0x00000000a6b00000, 0x00000000a6b00000|100%| E|CS|TAMS 0x00000000a6a00000, 0x00000000a6a00000| Complete 
| 107|0x00000000a6b00000, 0x00000000a6c00000, 0x00000000a6c00000|100%| E|CS|TAMS 0x00000000a6b00000, 0x00000000a6b00000| Complete 
| 108|0x00000000a6c00000, 0x00000000a6d00000, 0x00000000a6d00000|100%| E|CS|TAMS 0x00000000a6c00000, 0x00000000a6c00000| Complete 
| 109|0x00000000a6d00000, 0x00000000a6e00000, 0x00000000a6e00000|100%| E|CS|TAMS 0x00000000a6d00000, 0x00000000a6d00000| Complete 
| 110|0x00000000a6e00000, 0x00000000a6f00000, 0x00000000a6f00000|100%| E|CS|TAMS 0x00000000a6e00000, 0x00000000a6e00000| Complete 
| 111|0x00000000a6f00000, 0x00000000a7000000, 0x00000000a7000000|100%| E|CS|TAMS 0x00000000a6f00000, 0x00000000a6f00000| Complete 
| 112|0x00000000a7000000, 0x00000000a7100000, 0x00000000a7100000|100%| E|CS|TAMS 0x00000000a7000000, 0x00000000a7000000| Complete 
| 113|0x00000000a7100000, 0x00000000a7200000, 0x00000000a7200000|100%| E|CS|TAMS 0x00000000a7100000, 0x00000000a7100000| Complete 
| 114|0x00000000a7200000, 0x00000000a7300000, 0x00000000a7300000|100%| E|CS|TAMS 0x00000000a7200000, 0x00000000a7200000| Complete 
| 115|0x00000000a7300000, 0x00000000a7400000, 0x00000000a7400000|100%| E|CS|TAMS 0x00000000a7300000, 0x00000000a7300000| Complete 
| 116|0x00000000a7400000, 0x00000000a7500000, 0x00000000a7500000|100%| E|CS|TAMS 0x00000000a7400000, 0x00000000a7400000| Complete 
| 117|0x00000000a7500000, 0x00000000a7600000, 0x00000000a7600000|100%| E|CS|TAMS 0x00000000a7500000, 0x00000000a7500000| Complete 
| 118|0x00000000a7600000, 0x00000000a7700000, 0x00000000a7700000|100%| E|CS|TAMS 0x00000000a7600000, 0x00000000a7600000| Complete 
| 119|0x00000000a7700000, 0x00000000a7800000, 0x00000000a7800000|100%| E|CS|TAMS 0x00000000a7700000, 0x00000000a7700000| Complete 
| 120|0x00000000a7800000, 0x00000000a7900000, 0x00000000a7900000|100%| E|CS|TAMS 0x00000000a7800000, 0x00000000a7800000| Complete 
| 121|0x00000000a7900000, 0x00000000a7a00000, 0x00000000a7a00000|100%| E|CS|TAMS 0x00000000a7900000, 0x00000000a7900000| Complete 
| 122|0x00000000a7a00000, 0x00000000a7b00000, 0x00000000a7b00000|100%| E|CS|TAMS 0x00000000a7a00000, 0x00000000a7a00000| Complete 
| 123|0x00000000a7b00000, 0x00000000a7c00000, 0x00000000a7c00000|100%| E|CS|TAMS 0x00000000a7b00000, 0x00000000a7b00000| Complete 
| 124|0x00000000a7c00000, 0x00000000a7d00000, 0x00000000a7d00000|100%| E|CS|TAMS 0x00000000a7c00000, 0x00000000a7c00000| Complete 
| 125|0x00000000a7d00000, 0x00000000a7e00000, 0x00000000a7e00000|100%| E|CS|TAMS 0x00000000a7d00000, 0x00000000a7d00000| Complete 

Card table byte_map: [0x00000236c01a0000,0x00000236c04a0000] _byte_map_base: 0x00000236bfca0000

Marking Bits (Prev, Next): (CMBitMap*) 0x00000236acef0b38, (CMBitMap*) 0x00000236acef0b70
 Prev Bits: [0x00000236c07a0000, 0x00000236c1fa0000)
 Next Bits: [0x00000236c1fa0000, 0x00000236c37a0000)

Polling page: 0x00000236acfa0000

Metaspace:

Usage:
  Non-class:     35.51 MB capacity,    34.94 MB ( 98%) used,   511.23 KB (  1%) free+waste,    78.00 KB ( <1%) overhead. 
      Class:      5.47 MB capacity,     5.13 MB ( 94%) used,   313.37 KB (  6%) free+waste,    37.44 KB ( <1%) overhead. 
       Both:     40.98 MB capacity,    40.06 MB ( 98%) used,   824.59 KB (  2%) free+waste,   115.44 KB ( <1%) overhead. 

Virtual space:
  Non-class space:       36.00 MB reserved,      35.75 MB (>99%) committed 
      Class space:        1.00 GB reserved,       5.50 MB ( <1%) committed 
             Both:        1.04 GB reserved,      41.25 MB (  4%) committed 

Chunk freelists:
   Non-Class:  50.00 KB
       Class:  0 bytes
        Both:  50.00 KB

MaxMetaspaceSize: 17179869184.00 GB
CompressedClassSpaceSize: 1.00 GB

CodeHeap 'non-profiled nmethods': size=120064Kb used=1724Kb max_used=1724Kb free=118339Kb
 bounds [0x00000236b8320000, 0x00000236b8590000, 0x00000236bf860000]
CodeHeap 'profiled nmethods': size=120000Kb used=6398Kb max_used=6398Kb free=113601Kb
 bounds [0x00000236b0df0000, 0x00000236b1440000, 0x00000236b8320000]
CodeHeap 'non-nmethods': size=5696Kb used=2183Kb max_used=2229Kb free=3512Kb
 bounds [0x00000236b0860000, 0x00000236b0ad0000, 0x00000236b0df0000]
 total_blobs=3743 nmethods=3001 adapters=653
 compilation: enabled
              stopped_count=0, restarted_count=0
 full_count=0

Compilation events (20 events):
Event: 7.312 Thread 0x00000236c5dea800 3218       3       java.util.stream.AbstractPipeline::isParallel (8 bytes)
Event: 7.312 Thread 0x00000236c5dea800 nmethod 3218 0x00000236b142b810 code [0x00000236b142b9c0, 0x00000236b142bad8]
Event: 7.312 Thread 0x00000236c5dea800 3220       3       java.lang.StringConcatHelper::mixCoder (8 bytes)
Event: 7.313 Thread 0x00000236c5dea800 nmethod 3220 0x00000236b142bb90 code [0x00000236b142bd40, 0x00000236b142beb8]
Event: 7.313 Thread 0x00000236c5dea800 3219       3       java.util.stream.PipelineHelper::<init> (5 bytes)
Event: 7.313 Thread 0x00000236c5dea800 nmethod 3219 0x00000236b142bf90 code [0x00000236b142c140, 0x00000236b142c298]
Event: 7.437 Thread 0x00000236c5dea800 3221       3       java.util.concurrent.locks.AbstractQueuedSynchronizer$ConditionObject::addConditionWaiter (79 bytes)
Event: 7.441 Thread 0x00000236c5dea800 nmethod 3221 0x00000236b142c390 code [0x00000236b142c680, 0x00000236b142d508]
Event: 7.441 Thread 0x00000236c5dea800 3222       3       java.util.concurrent.locks.AbstractQueuedSynchronizer$Node::<init> (23 bytes)
Event: 7.443 Thread 0x00000236c5dea800 nmethod 3222 0x00000236b142da10 code [0x00000236b142dce0, 0x00000236b142e9b8]
Event: 7.443 Thread 0x00000236c5dea800 3223   !   3       java.util.concurrent.locks.AbstractQueuedSynchronizer::fullyRelease (31 bytes)
Event: 7.444 Thread 0x00000236c5dea800 nmethod 3223 0x00000236b142ee10 code [0x00000236b142f000, 0x00000236b142f4c8]
Event: 7.754 Thread 0x00000236c5dea800 3224       3       java.lang.ClassLoader::createOrGetClassLoaderValueMap (37 bytes)
Event: 7.755 Thread 0x00000236c5dea800 nmethod 3224 0x00000236b142f710 code [0x00000236b142f920, 0x00000236b142fe68]
Event: 7.763 Thread 0x00000236c5dea800 3225       3       java.util.concurrent.locks.AbstractQueuedSynchronizer::transferAfterCancelledWait (34 bytes)
Event: 7.765 Thread 0x00000236c5dea800 nmethod 3225 0x00000236b1430090 code [0x00000236b1430320, 0x00000236b1430e28]
Event: 7.771 Thread 0x00000236c5dea800 3227       3       org.gradle.internal.reflect.JavaPropertyReflectionUtil::doesNotHaveTypeVariable (107 bytes)
Event: 7.772 Thread 0x00000236c5dea800 nmethod 3227 0x00000236b1431210 code [0x00000236b1431440, 0x00000236b1431e38]
Event: 7.772 Thread 0x00000236c5dea800 3226       3       sun.reflect.generics.reflectiveObjects.LazyReflectiveObjectGenerator::<init> (10 bytes)
Event: 7.772 Thread 0x00000236c5dea800 nmethod 3226 0x00000236b1432010 code [0x00000236b14321c0, 0x00000236b1432378]

GC Heap History (15 events):
Event: 0.410 GC heap before
{Heap before GC invocations=0 (full 0):
 garbage-first heap   total 129024K, used 19456K [0x00000000a0000000, 0x0000000100000000)
  region size 1024K, 14 young (14336K), 0 survivors (0K)
 Metaspace       used 7444K, capacity 7599K, committed 7680K, reserved 1056768K
  class space    used 686K, capacity 748K, committed 768K, reserved 1048576K
}
Event: 0.415 GC heap after
{Heap after GC invocations=1 (full 0):
 garbage-first heap   total 129024K, used 7823K [0x00000000a0000000, 0x0000000100000000)
  region size 1024K, 2 young (2048K), 2 survivors (2048K)
 Metaspace       used 7444K, capacity 7599K, committed 7680K, reserved 1056768K
  class space    used 686K, capacity 748K, committed 768K, reserved 1048576K
}
Event: 0.706 GC heap before
{Heap before GC invocations=1 (full 0):
 garbage-first heap   total 129024K, used 19087K [0x00000000a0000000, 0x0000000100000000)
  region size 1024K, 13 young (13312K), 2 survivors (2048K)
 Metaspace       used 10800K, capacity 11063K, committed 11264K, reserved 1058816K
  class space    used 1142K, capacity 1201K, committed 1280K, reserved 1048576K
}
Event: 0.708 GC heap after
{Heap after GC invocations=2 (full 0):
 garbage-first heap   total 129024K, used 8620K [0x00000000a0000000, 0x0000000100000000)
  region size 1024K, 1 young (1024K), 1 survivors (1024K)
 Metaspace       used 10800K, capacity 11063K, committed 11264K, reserved 1058816K
  class space    used 1142K, capacity 1201K, committed 1280K, reserved 1048576K
}
Event: 1.033 GC heap before
{Heap before GC invocations=2 (full 0):
 garbage-first heap   total 129024K, used 35244K [0x00000000a0000000, 0x0000000100000000)
  region size 1024K, 28 young (28672K), 1 survivors (1024K)
 Metaspace       used 10993K, capacity 11256K, committed 11520K, reserved 1058816K
  class space    used 1144K, capacity 1201K, committed 1280K, reserved 1048576K
}
Event: 1.036 GC heap after
{Heap after GC invocations=3 (full 0):
 garbage-first heap   total 129024K, used 12594K [0x00000000a0000000, 0x0000000100000000)
  region size 1024K, 4 young (4096K), 4 survivors (4096K)
 Metaspace       used 10993K, capacity 11256K, committed 11520K, reserved 1058816K
  class space    used 1144K, capacity 1201K, committed 1280K, reserved 1048576K
}
Event: 2.079 GC heap before
{Heap before GC invocations=3 (full 0):
 garbage-first heap   total 129024K, used 53554K [0x00000000a0000000, 0x0000000100000000)
  region size 1024K, 44 young (45056K), 4 survivors (4096K)
 Metaspace       used 18628K, capacity 19101K, committed 19328K, reserved 1067008K
  class space    used 2239K, capacity 2362K, committed 2432K, reserved 1048576K
}
Event: 2.083 GC heap after
{Heap after GC invocations=4 (full 0):
 garbage-first heap   total 129024K, used 15991K [0x00000000a0000000, 0x0000000100000000)
  region size 1024K, 4 young (4096K), 4 survivors (4096K)
 Metaspace       used 18628K, capacity 19101K, committed 19328K, reserved 1067008K
  class space    used 2239K, capacity 2362K, committed 2432K, reserved 1048576K
}
Event: 2.218 GC heap before
{Heap before GC invocations=4 (full 0):
 garbage-first heap   total 129024K, used 30327K [0x00000000a0000000, 0x0000000100000000)
  region size 1024K, 19 young (19456K), 4 survivors (4096K)
 Metaspace       used 20572K, capacity 21095K, committed 21248K, reserved 1067008K
  class space    used 2524K, capacity 2712K, committed 2816K, reserved 1048576K
}
Event: 2.221 GC heap after
{Heap after GC invocations=5 (full 0):
 garbage-first heap   total 129024K, used 16524K [0x00000000a0000000, 0x0000000100000000)
  region size 1024K, 4 young (4096K), 4 survivors (4096K)
 Metaspace       used 20572K, capacity 21095K, committed 21248K, reserved 1067008K
  class space    used 2524K, capacity 2712K, committed 2816K, reserved 1048576K
}
Event: 2.717 GC heap before
{Heap before GC invocations=6 (full 0):
 garbage-first heap   total 129024K, used 69772K [0x00000000a0000000, 0x0000000100000000)
  region size 1024K, 56 young (57344K), 4 survivors (4096K)
 Metaspace       used 26424K, capacity 27122K, committed 27264K, reserved 1073152K
  class space    used 3472K, capacity 3703K, committed 3712K, reserved 1048576K
}
Event: 2.722 GC heap after
{Heap after GC invocations=7 (full 0):
 garbage-first heap   total 129024K, used 18253K [0x00000000a0000000, 0x0000000100000000)
  region size 1024K, 6 young (6144K), 6 survivors (6144K)
 Metaspace       used 26424K, capacity 27122K, committed 27264K, reserved 1073152K
  class space    used 3472K, capacity 3703K, committed 3712K, reserved 1048576K
}
Event: 4.864 GC heap before
{Heap before GC invocations=7 (full 0):
 garbage-first heap   total 129024K, used 65357K [0x00000000a0000000, 0x0000000100000000)
  region size 1024K, 53 young (54272K), 6 survivors (6144K)
 Metaspace       used 35103K, capacity 35817K, committed 35840K, reserved 1081344K
  class space    used 4570K, capacity 4858K, committed 4864K, reserved 1048576K
}
Event: 4.884 GC heap after
{Heap after GC invocations=8 (full 0):
 garbage-first heap   total 129024K, used 21727K [0x00000000a0000000, 0x0000000100000000)
  region size 1024K, 6 young (6144K), 6 survivors (6144K)
 Metaspace       used 35103K, capacity 35817K, committed 35840K, reserved 1081344K
  class space    used 4570K, capacity 4858K, committed 4864K, reserved 1048576K
}
Event: 7.776 GC heap before
{Heap before GC invocations=9 (full 0):
 garbage-first heap   total 129024K, used 89311K [0x00000000a0000000, 0x0000000100000000)
  region size 1024K, 69 young (70656K), 6 survivors (6144K)
 Metaspace       used 41025K, capacity 41966K, committed 42240K, reserved 1085440K
  class space    used 5249K, capacity 5600K, committed 5632K, reserved 1048576K
}

Deoptimization events (20 events):
Event: 6.427 Thread 0x00000236c791e000 DEOPT PACKING pc=0x00000236b847d3a4 sp=0x0000008ad75f9620
Event: 6.427 Thread 0x00000236c791e000 DEOPT UNPACKING pc=0x00000236b08874af sp=0x0000008ad75f9550 mode 2
Event: 6.430 Thread 0x00000236c791e000 Uncommon trap: trap_request=0xffffff4d fr.pc=0x00000236b8470e78 relative=0x0000000000000318
Event: 6.430 Thread 0x00000236c791e000 Uncommon trap: reason=unstable_if action=reinterpret pc=0x00000236b8470e78 method=org.gradle.internal.reflect.PropertyAccessorType.isGetGetterName(Ljava/lang/String;)Z @ 14 c2
Event: 6.430 Thread 0x00000236c791e000 DEOPT PACKING pc=0x00000236b8470e78 sp=0x0000008ad75f9ed0
Event: 6.430 Thread 0x00000236c791e000 DEOPT UNPACKING pc=0x00000236b08874af sp=0x0000008ad75f9e28 mode 2
Event: 6.451 Thread 0x00000236c791e000 Uncommon trap: trap_request=0xffffff4d fr.pc=0x00000236b8468588 relative=0x00000000000000e8
Event: 6.451 Thread 0x00000236c791e000 Uncommon trap: reason=unstable_if action=reinterpret pc=0x00000236b8468588 method=org.objectweb.asm.ByteVector.putShort(I)Lorg/objectweb/asm/ByteVector; @ 13 c2
Event: 6.451 Thread 0x00000236c791e000 DEOPT PACKING pc=0x00000236b8468588 sp=0x0000008ad75f9ae0
Event: 6.451 Thread 0x00000236c791e000 DEOPT UNPACKING pc=0x00000236b08874af sp=0x0000008ad75f9a78 mode 2
Event: 6.470 Thread 0x00000236c791e000 DEOPT PACKING pc=0x00000236b115bdf9 sp=0x0000008ad75f9ef0
Event: 6.470 Thread 0x00000236c791e000 DEOPT UNPACKING pc=0x00000236b08872ce sp=0x0000008ad75f9438 mode 0
Event: 6.599 Thread 0x00000236c791e000 Uncommon trap: trap_request=0xffffff4d fr.pc=0x00000236b841c154 relative=0x0000000000005d14
Event: 6.599 Thread 0x00000236c791e000 Uncommon trap: reason=unstable_if action=reinterpret pc=0x00000236b841c154 method=java.net.URLClassLoader.defineClass(Ljava/lang/String;Ljdk/internal/loader/Resource;)Ljava/lang/Class; @ 21 c2
Event: 6.599 Thread 0x00000236c791e000 DEOPT PACKING pc=0x00000236b841c154 sp=0x0000008ad75f92f0
Event: 6.599 Thread 0x00000236c791e000 DEOPT UNPACKING pc=0x00000236b08874af sp=0x0000008ad75f92a8 mode 2
Event: 7.135 Thread 0x00000236c791e000 Uncommon trap: trap_request=0xffffff4d fr.pc=0x00000236b8395a90 relative=0x00000000000001d0
Event: 7.135 Thread 0x00000236c791e000 Uncommon trap: reason=unstable_if action=reinterpret pc=0x00000236b8395a90 method=java.net.URI$Parser.scan(IILjava/lang/String;)I @ 26 c2
Event: 7.135 Thread 0x00000236c791e000 DEOPT PACKING pc=0x00000236b8395a90 sp=0x0000008ad75f98b0
Event: 7.135 Thread 0x00000236c791e000 DEOPT UNPACKING pc=0x00000236b08874af sp=0x0000008ad75f9840 mode 2

Classes redefined (0 events):
No events

Internal exceptions (20 events):
Event: 6.751 Thread 0x00000236c791e000 Exception <a 'java/lang/ClassNotFoundException'{0x00000000a53af660}: org/gradle/api/internal/DefaultNamedDomainObjectCollectionCustomizer> (0x00000000a53af660) thrown at [./src/hotspot/share/classfile/systemDictionary.cpp, line 231]
Event: 6.753 Thread 0x00000236c791e000 Exception <a 'java/lang/ClassNotFoundException'{0x00000000a5204478}: org/gradle/api/internal/DefaultNamedDomainObjectListCustomizer> (0x00000000a5204478) thrown at [./src/hotspot/share/classfile/systemDictionary.cpp, line 231]
Event: 6.755 Thread 0x00000236c791e000 Exception <a 'java/lang/ClassNotFoundException'{0x00000000a5250340}: org/gradle/api/internal/artifacts/DefaultArtifactRepositoryContainerCustomizer> (0x00000000a5250340) thrown at [./src/hotspot/share/classfile/systemDictionary.cpp, line 231]
Event: 6.756 Thread 0x00000236c791e000 Exception <a 'java/lang/ClassNotFoundException'{0x00000000a5292150}: org/gradle/api/internal/artifacts/dsl/DefaultRepositoryHandlerCustomizer> (0x00000000a5292150) thrown at [./src/hotspot/share/classfile/systemDictionary.cpp, line 231]
Event: 6.758 Thread 0x00000236c791e000 Exception <a 'java/lang/ClassNotFoundException'{0x00000000a52e5320}: org/gradle/api/internal/artifacts/dsl/DefaultRepositoryHandler_DecoratedCustomizer> (0x00000000a52e5320) thrown at [./src/hotspot/share/classfile/systemDictionary.cpp, line 231]
Event: 6.785 Thread 0x00000236c791e000 Exception <a 'java/lang/NoSuchMethodError'{0x00000000a4863f48}: 'int java.lang.invoke.DirectMethodHandle$Holder.invokeStaticInit(java.lang.Object, java.lang.Object, java.lang.Object, java.lang.Object)'> (0x00000000a4863f48) thrown at [./src/hotspot/share/interpreter/linkResolver.cpp, line 773]
Event: 6.794 Thread 0x00000236c791e000 Exception <a 'java/lang/ClassNotFoundException'{0x00000000a47537d8}: org/gradle/api/internal/artifacts/repositories/DefaultMavenArtifactRepository_DecoratedBeanInfo> (0x00000000a47537d8) thrown at [./src/hotspot/share/classfile/systemDictionary.cpp, line 231]
Event: 6.794 Thread 0x00000236c791e000 Exception <a 'java/lang/ClassNotFoundException'{0x00000000a478aaa0}: org/gradle/api/internal/artifacts/repositories/DefaultMavenArtifactRepositoryBeanInfo> (0x00000000a478aaa0) thrown at [./src/hotspot/share/classfile/systemDictionary.cpp, line 231]
Event: 6.795 Thread 0x00000236c791e000 Exception <a 'java/lang/ClassNotFoundException'{0x00000000a47c42c0}: org/gradle/api/internal/artifacts/repositories/AbstractAuthenticationSupportedRepositoryBeanInfo> (0x00000000a47c42c0) thrown at [./src/hotspot/share/classfile/systemDictionary.cpp, line 231]
Event: 6.796 Thread 0x00000236c791e000 Exception <a 'java/lang/ClassNotFoundException'{0x00000000a47fdaf0}: org/gradle/api/internal/artifacts/repositories/AbstractResolutionAwareArtifactRepositoryBeanInfo> (0x00000000a47fdaf0) thrown at [./src/hotspot/share/classfile/systemDictionary.cpp, line 231]
Event: 6.796 Thread 0x00000236c791e000 Exception <a 'java/lang/ClassNotFoundException'{0x00000000a4632f28}: org/gradle/api/internal/artifacts/repositories/AbstractArtifactRepositoryBeanInfo> (0x00000000a4632f28) thrown at [./src/hotspot/share/classfile/systemDictionary.cpp, line 231]
Event: 6.797 Thread 0x00000236c791e000 Exception <a 'java/lang/ClassNotFoundException'{0x00000000a466a1a0}: org/gradle/api/internal/artifacts/repositories/AbstractArtifactRepositoryCustomizer> (0x00000000a466a1a0) thrown at [./src/hotspot/share/classfile/systemDictionary.cpp, line 231]
Event: 6.799 Thread 0x00000236c791e000 Exception <a 'java/lang/ClassNotFoundException'{0x00000000a46bebb8}: org/gradle/api/internal/artifacts/repositories/AbstractResolutionAwareArtifactRepositoryCustomizer> (0x00000000a46bebb8) thrown at [./src/hotspot/share/classfile/systemDictionary.cpp, line 231]
Event: 6.800 Thread 0x00000236c791e000 Exception <a 'java/lang/ClassNotFoundException'{0x00000000a4501d98}: org/gradle/api/internal/artifacts/repositories/AbstractAuthenticationSupportedRepositoryCustomizer> (0x00000000a4501d98) thrown at [./src/hotspot/share/classfile/systemDictionary.cpp, line 231]
Event: 6.802 Thread 0x00000236c791e000 Exception <a 'java/lang/ClassNotFoundException'{0x00000000a4549a98}: org/gradle/api/internal/artifacts/repositories/DefaultMavenArtifactRepositoryCustomizer> (0x00000000a4549a98) thrown at [./src/hotspot/share/classfile/systemDictionary.cpp, line 231]
Event: 6.804 Thread 0x00000236c791e000 Exception <a 'java/lang/ClassNotFoundException'{0x00000000a459da48}: org/gradle/api/internal/artifacts/repositories/DefaultMavenArtifactRepository_DecoratedCustomizer> (0x00000000a459da48) thrown at [./src/hotspot/share/classfile/systemDictionary.cpp, line 231]
Event: 7.117 Thread 0x00000236c791e000 Exception <a 'java/lang/ClassNotFoundException'{0x00000000a3e8d5a8}: org/gradle/api/internal/artifacts/dsl/dependencies/DefaultDependencyHandler_DecoratedBeanInfo> (0x00000000a3e8d5a8) thrown at [./src/hotspot/share/classfile/systemDictionary.cpp, line 231]
Event: 7.118 Thread 0x00000236c791e000 Exception <a 'java/lang/ClassNotFoundException'{0x00000000a3ec2398}: org/gradle/api/internal/artifacts/dsl/dependencies/DefaultDependencyHandlerBeanInfo> (0x00000000a3ec2398) thrown at [./src/hotspot/share/classfile/systemDictionary.cpp, line 231]
Event: 7.119 Thread 0x00000236c791e000 Exception <a 'java/lang/ClassNotFoundException'{0x00000000a3ef7470}: org/gradle/api/internal/artifacts/dsl/dependencies/DefaultDependencyHandlerCustomizer> (0x00000000a3ef7470) thrown at [./src/hotspot/share/classfile/systemDictionary.cpp, line 231]
Event: 7.120 Thread 0x00000236c791e000 Exception <a 'java/lang/ClassNotFoundException'{0x00000000a3d4b970}: org/gradle/api/internal/artifacts/dsl/dependencies/DefaultDependencyHandler_DecoratedCustomizer> (0x00000000a3d4b970) thrown at [./src/hotspot/share/classfile/systemDictionary.cpp, line 231]

Events (20 events):
Event: 7.583 loading class org/gradle/api/artifacts/ComponentVariantIdentifier done
Event: 7.584 loading class org/gradle/api/internal/artifacts/ivyservice/resolveengine/graph/conflicts/UpgradeCapabilityResolver
Event: 7.584 loading class org/gradle/api/internal/artifacts/ivyservice/resolveengine/graph/conflicts/UpgradeCapabilityResolver done
Event: 7.758 loading class org/gradle/api/internal/artifacts/ivyservice/resolutionstrategy/DefaultResolutionStrategy
Event: 7.758 loading class org/gradle/api/internal/artifacts/ivyservice/resolutionstrategy/DefaultResolutionStrategy done
Event: 7.760 loading class org/gradle/api/artifacts/ComponentSelectionRules
Event: 7.760 loading class org/gradle/api/artifacts/ComponentSelectionRules done
Event: 7.761 loading class org/gradle/api/internal/artifacts/ComponentSelectionRulesInternal
Event: 7.761 loading class org/gradle/api/internal/artifacts/ComponentSelectionRulesInternal done
Event: 7.763 loading class org/gradle/api/artifacts/ResolutionStrategy$SortOrder
Event: 7.763 loading class org/gradle/api/artifacts/ResolutionStrategy$SortOrder done
Event: 7.764 loading class org/gradle/api/internal/artifacts/ivyservice/resolutionstrategy/DefaultCachePolicy
Event: 7.764 loading class org/gradle/api/internal/artifacts/ivyservice/resolutionstrategy/DefaultCachePolicy done
Event: 7.766 loading class org/gradle/api/internal/artifacts/configurations/ConflictResolution
Event: 7.766 loading class org/gradle/api/internal/artifacts/configurations/ConflictResolution done
Event: 7.768 loading class org/gradle/api/internal/artifacts/ivyservice/resolutionstrategy/DefaultComponentSelectionRules
Event: 7.768 loading class org/gradle/api/internal/artifacts/ivyservice/resolutionstrategy/DefaultComponentSelectionRules done
Event: 7.771 loading class org/gradle/api/artifacts/DependencySubstitution
Event: 7.771 loading class org/gradle/api/artifacts/DependencySubstitution done
Event: 7.776 Executing VM operation: G1CollectForAllocation


Dynamic libraries:
0x00007ff62de00000 - 0x00007ff62de0a000 	C:\Program Files\Android\Android Studio\jre\bin\java.exe
0x00007fff8d6b0000 - 0x00007fff8d8a5000 	C:\WINDOWS\SYSTEM32\ntdll.dll
0x00007fff8bb10000 - 0x00007fff8bbcd000 	C:\WINDOWS\System32\KERNEL32.DLL
0x00007fff8ae20000 - 0x00007fff8b0e8000 	C:\WINDOWS\System32\KERNELBASE.dll
0x00007fff8b310000 - 0x00007fff8b410000 	C:\WINDOWS\System32\ucrtbase.dll
0x00007fff6e2f0000 - 0x00007fff6e307000 	C:\Program Files\Android\Android Studio\jre\bin\VCRUNTIME140.dll
0x00007fff6e8f0000 - 0x00007fff6e909000 	C:\Program Files\Android\Android Studio\jre\bin\jli.dll
0x00007fff81b60000 - 0x00007fff81dfa000 	C:\WINDOWS\WinSxS\amd64_microsoft.windows.common-controls_6595b64144ccf1df_6.0.19041.844_none_ca00b6081b84eb1d\COMCTL32.dll
0x00007fff8d160000 - 0x00007fff8d1fe000 	C:\WINDOWS\System32\msvcrt.dll
0x00007fff8b970000 - 0x00007fff8bb10000 	C:\WINDOWS\System32\USER32.dll
0x00007fff8bbd0000 - 0x00007fff8bbfa000 	C:\WINDOWS\System32\GDI32.dll
0x00007fff8adf0000 - 0x00007fff8ae12000 	C:\WINDOWS\System32\win32u.dll
0x00007fff8b200000 - 0x00007fff8b30b000 	C:\WINDOWS\System32\gdi32full.dll
0x00007fff8b510000 - 0x00007fff8b5ad000 	C:\WINDOWS\System32\msvcp_win.dll
0x00007fff8cbd0000 - 0x00007fff8cc00000 	C:\WINDOWS\System32\IMM32.DLL
0x00007fff54970000 - 0x00007fff54a0d000 	C:\Program Files\Android\Android Studio\jre\bin\msvcp140.dll
0x00007fff581d0000 - 0x00007fff58c8c000 	C:\Program Files\Android\Android Studio\jre\bin\server\jvm.dll
0x00007fff8bd40000 - 0x00007fff8bdec000 	C:\WINDOWS\System32\ADVAPI32.dll
0x00007fff8cc90000 - 0x00007fff8cd2b000 	C:\WINDOWS\System32\sechost.dll
0x00007fff8c730000 - 0x00007fff8c85b000 	C:\WINDOWS\System32\RPCRT4.dll
0x00007fff8cbb0000 - 0x00007fff8cbb8000 	C:\WINDOWS\System32\PSAPI.DLL
0x00007fff6e110000 - 0x00007fff6e119000 	C:\WINDOWS\SYSTEM32\WSOCK32.dll
0x00007fff8bcd0000 - 0x00007fff8bd3b000 	C:\WINDOWS\System32\WS2_32.dll
0x00007fff82f10000 - 0x00007fff82f37000 	C:\WINDOWS\SYSTEM32\WINMM.dll
0x00007fff83830000 - 0x00007fff8383a000 	C:\WINDOWS\SYSTEM32\VERSION.dll
0x00007fff896d0000 - 0x00007fff896e2000 	C:\WINDOWS\SYSTEM32\kernel.appcore.dll
0x00007fff6dec0000 - 0x00007fff6ded1000 	C:\Program Files\Android\Android Studio\jre\bin\verify.dll
0x00007fff858d0000 - 0x00007fff85ab4000 	C:\WINDOWS\SYSTEM32\DBGHELP.DLL
0x00007fff85540000 - 0x00007fff8556c000 	C:\WINDOWS\SYSTEM32\dbgcore.DLL
0x00007fff8b180000 - 0x00007fff8b200000 	C:\WINDOWS\System32\bcryptPrimitives.dll
0x00007fff67fd0000 - 0x00007fff67ff9000 	C:\Program Files\Android\Android Studio\jre\bin\java.dll
0x00007fff6deb0000 - 0x00007fff6debb000 	C:\Program Files\Android\Android Studio\jre\bin\jimage.dll
0x00007fff6c7c0000 - 0x00007fff6c7d8000 	C:\Program Files\Android\Android Studio\jre\bin\zip.dll
0x00007fff8bdf0000 - 0x00007fff8c532000 	C:\WINDOWS\System32\SHELL32.dll
0x00007fff88e40000 - 0x00007fff895d0000 	C:\WINDOWS\SYSTEM32\windows.storage.dll
0x00007fff8cd30000 - 0x00007fff8d085000 	C:\WINDOWS\System32\combase.dll
0x00007fff8a790000 - 0x00007fff8a7bc000 	C:\WINDOWS\SYSTEM32\Wldp.dll
0x00007fff8c540000 - 0x00007fff8c5ee000 	C:\WINDOWS\System32\SHCORE.dll
0x00007fff8bc00000 - 0x00007fff8bc55000 	C:\WINDOWS\System32\shlwapi.dll
0x00007fff8ad30000 - 0x00007fff8ad4f000 	C:\WINDOWS\SYSTEM32\profapi.dll
0x00007fff67fb0000 - 0x00007fff67fca000 	C:\Program Files\Android\Android Studio\jre\bin\net.dll
0x00007fff84620000 - 0x00007fff8472b000 	C:\WINDOWS\SYSTEM32\WINHTTP.dll
0x00007fff8a4e0000 - 0x00007fff8a54a000 	C:\WINDOWS\system32\mswsock.dll
0x00007fff67f90000 - 0x00007fff67fa4000 	C:\Program Files\Android\Android Studio\jre\bin\nio.dll
0x00007fff6e640000 - 0x00007fff6e666000 	C:\Users\kma_s\.gradle\native\fdc75f09e3144964f2cf3f50f0aa648679c211496f362492102eb8c894070792\windows-amd64\native-platform.dll
0x00007fff48b30000 - 0x00007fff48cc1000 	C:\Users\kma_s\.gradle\native\12488b8bf47d2d4c9fbf2f6322a914ad602e24e48041cd04a747c6da556b65c4\windows-amd64\native-platform-file-events.dll
0x00007fff68290000 - 0x00007fff6829a000 	C:\Program Files\Android\Android Studio\jre\bin\management.dll
0x00007fff67f80000 - 0x00007fff67f8c000 	C:\Program Files\Android\Android Studio\jre\bin\management_ext.dll
0x00007fff8a6d0000 - 0x00007fff8a6e8000 	C:\WINDOWS\SYSTEM32\CRYPTSP.dll
0x00007fff89e60000 - 0x00007fff89e94000 	C:\WINDOWS\system32\rsaenh.dll
0x00007fff8b150000 - 0x00007fff8b177000 	C:\WINDOWS\System32\bcrypt.dll
0x00007fff8ac80000 - 0x00007fff8acae000 	C:\WINDOWS\SYSTEM32\USERENV.dll
0x00007fff8a6f0000 - 0x00007fff8a6fc000 	C:\WINDOWS\SYSTEM32\CRYPTBASE.dll
0x00007fff8a1c0000 - 0x00007fff8a1fb000 	C:\WINDOWS\SYSTEM32\IPHLPAPI.DLL
0x00007fff8bc60000 - 0x00007fff8bc68000 	C:\WINDOWS\System32\NSI.dll
0x00007fff85ef0000 - 0x00007fff85f07000 	C:\WINDOWS\SYSTEM32\dhcpcsvc6.DLL
0x00007fff85eb0000 - 0x00007fff85ecd000 	C:\WINDOWS\SYSTEM32\dhcpcsvc.DLL
0x00007fff8a200000 - 0x00007fff8a2cc000 	C:\WINDOWS\SYSTEM32\DNSAPI.dll
0x00007fff861e0000 - 0x00007fff861eb000 	C:\WINDOWS\SYSTEM32\WINNSI.DLL

dbghelp: loaded successfully - version: 4.0.5 - missing functions: none
symbol engine: initialized successfully - sym options: 0x614 - pdb path: .;C:\Program Files\Android\Android Studio\jre\bin;C:\WINDOWS\SYSTEM32;C:\WINDOWS\WinSxS\amd64_microsoft.windows.common-controls_6595b64144ccf1df_6.0.19041.844_none_ca00b6081b84eb1d;C:\Program Files\Android\Android Studio\jre\bin\server;C:\Users\kma_s\.gradle\native\fdc75f09e3144964f2cf3f50f0aa648679c211496f362492102eb8c894070792\windows-amd64;C:\Users\kma_s\.gradle\native\12488b8bf47d2d4c9fbf2f6322a914ad602e24e48041cd04a747c6da556b65c4\windows-amd64

VM Arguments:
jvm_args: --add-opens=java.base/java.util=ALL-UNNAMED --add-opens=java.base/java.lang=ALL-UNNAMED --add-opens=java.base/java.lang.invoke=ALL-UNNAMED --add-opens=java.prefs/java.util.prefs=ALL-UNNAMED -Xmx1536m -Dfile.encoding=windows-1252 -Duser.country=BR -Duser.language=pt -Duser.variant 
java_command: org.gradle.launcher.daemon.bootstrap.GradleDaemon 6.7.1
java_class_path (initial): C:\Users\kma_s\.gradle\wrapper\dists\gradle-6.7.1-all\2moa8rlfac5eqlcfgk98k0deb\gradle-6.7.1\lib\gradle-launcher-6.7.1.jar
Launcher Type: SUN_STANDARD

[Global flags]
     intx CICompilerCount                          = 3                                         {product} {ergonomic}
     uint ConcGCThreads                            = 1                                         {product} {ergonomic}
     uint G1ConcRefinementThreads                  = 4                                         {product} {ergonomic}
   size_t G1HeapRegionSize                         = 1048576                                   {product} {ergonomic}
    uintx GCDrainStackTargetSize                   = 64                                        {product} {ergonomic}
   size_t InitialHeapSize                          = 132120576                                 {product} {ergonomic}
   size_t MarkStackSize                            = 4194304                                   {product} {ergonomic}
   size_t MaxHeapSize                              = 1610612736                                {product} {command line}
   size_t MaxNewSize                               = 965738496                                 {product} {ergonomic}
   size_t MinHeapDeltaBytes                        = 1048576                                   {product} {ergonomic}
    uintx NonNMethodCodeHeapSize                   = 5830732                                {pd product} {ergonomic}
    uintx NonProfiledCodeHeapSize                  = 122913754                              {pd product} {ergonomic}
    uintx ProfiledCodeHeapSize                     = 122913754                              {pd product} {ergonomic}
    uintx ReservedCodeCacheSize                    = 251658240                              {pd product} {ergonomic}
     bool SegmentedCodeCache                       = true                                      {product} {ergonomic}
     bool UseCompressedClassPointers               = true                                 {lp64_product} {ergonomic}
     bool UseCompressedOops                        = true                                 {lp64_product} {ergonomic}
     bool UseG1GC                                  = true                                      {product} {ergonomic}
     bool UseLargePagesIndividualAllocation        = false                                  {pd product} {ergonomic}

Logging:
Log output configuration:
 #0: stdout all=warning uptime,level,tags
 #1: stderr all=off uptime,level,tags

Environment Variables:
JAVA_HOME=C:\Program Files\Java\jdk-13.0.1
PATH=C:\WINDOWS\system32;C:\WINDOWS;C:\WINDOWS\System32\Wbem;C:\WINDOWS\System32\WindowsPowerShell\v1.0\;C:\WINDOWS\System32\OpenSSH\;C:\Program Files\dotnet\;C:\Program Files\TortoiseSVN\bin;C:\Program Files\Git\cmd;C:\flutter\bin;C:\Users\kma_s\AppData\Local\Microsoft\WindowsApps;C:\Users\kma_s\AppData\Local\Programs\Microsoft VS Code\bin;C:\Users\kma_s\AppData\Local\GitHubDesktop\bin;C:\Users\kma_s\AppData\Local\Microsoft\WindowsApps;C:\Users\kma_s\.dotnet\tools;C:\Users\kma_s\AppData\Local\JetBrains\JetBrains Rider 2020.3.4\bin;
USERNAME=kma_s
OS=Windows_NT
PROCESSOR_IDENTIFIER=Intel64 Family 6 Model 60 Stepping 3, GenuineIntel



---------------  S Y S T E M  ---------------

OS: Windows 10 , 64 bit Build 19041 (10.0.19041.928)
OS uptime: 1 days 3:52 hours
HyperV virtualization detected

CPU:total 4 (initial active 4) (4 cores per cpu, 1 threads per core) family 6 model 60 stepping 3, cmov, cx8, fxsr, mmx, sse, sse2, sse3, ssse3, sse4.1, sse4.2, popcnt, avx, avx2, aes, clmul, erms, lzcnt, tsc, tscinvbit, bmi1, bmi2, fma

Memory: 4k page, system-wide physical 8059M (1407M free)
TotalPageFile size 16118M (AvailPageFile size 5140M)
current process WorkingSet (physical memory assigned to process): 243M, peak: 243M
current process commit charge ("private bytes"): 301M, peak: 310M

vm_info: OpenJDK 64-Bit Server VM (11.0.8+10-b944.6842174) for windows-amd64 JRE (11.0.8+10-b944.6842174), built on Sep 19 2020 01:11:42 by "builder" with MS VC++ 14.0 (VS2015)

END.
