#
# A fatal error has been detected by the Java Runtime Environment:
#
#  EXCEPTION_ACCESS_VIOLATION (0xc0000005) at pc=0x00000000546c8091, pid=11828, tid=0x0000000000001628
#
# JRE version: OpenJDK Runtime Environment (8.0_242-b01) (build 1.8.0_242-release-1644-b01)
# Java VM: OpenJDK 64-Bit Server VM (25.242-b01 mixed mode windows-amd64 compressed oops)
# Problematic frame:
# V  [jvm.dll+0x218091]
#
# Failed to write core dump. Minidumps are not enabled by default on client versions of Windows
#
# If you would like to submit a bug report, please visit:
#   
#

---------------  T H R E A D  ---------------

Current thread (0x0000000020fc5000):  JavaThread "WorkerExecutor Queue Thread 4" [_thread_in_vm, id=5672, stack(0x000000002d480000,0x000000002d580000)]

siginfo: ExceptionCode=0xc0000005, reading address 0xffffffffffffffff

Registers:
RAX=0x7f4f0000002c59b0, RBX=0x7f4f0000002c59b0, RCX=0x0000000000000000, RDX=0x00000000e618cd4a
RSP=0x000000002d57d530, RBP=0x0000000020fc5000, RSI=0x00000000e618cd4a, RDI=0x000000001cf76228
R8 =0x7f4f0000002c59b0, R9 =0x00000000ed74dc48, R10=0x00007ffea1805b48, R11=0x0000000000020000
R12=0x0000000000000000, R13=0x0000007fffffff00, R14=0x000000002d57d650, R15=0x0000000020fc5000
RIP=0x00000000546c8091, EFLAGS=0x0000000000010202

Top of Stack: (sp=0x000000002d57d530)
0x000000002d57d530:   0000000000000000 0000000000000000
0x000000002d57d540:   0000000000000000 0000000000000000
0x000000002d57d550:   0000000000000000 0000000000000000
0x000000002d57d560:   0000000020fc5000 000000002d57d650
0x000000002d57d570:   0000007fffffff00 0000000000000000
0x000000002d57d580:   00000000e618cd4a 00000000546c9096
0x000000002d57d590:   7f4f0000002c59b0 000000002d57d660
0x000000002d57d5a0:   0000000020fc5000 0000000000040000
0x000000002d57d5b0:   00000000eb557638 000000002d57d620
0x000000002d57d5c0:   0000000000000000 000000005460c1d1
0x000000002d57d5d0:   000000002d57d660 0000000000000000
0x000000002d57d5e0:   0000000020fc5000 0000000000000000
0x000000002d57d5f0:   00000000e618cd4a 0000000003674094
0x000000002d57d600:   0000000016009aa0 000000002d57d660
0x000000002d57d610:   000000000003ffff 000000000003ffff
0x000000002d57d620:   00000000e618cd4a 000000002d57d650 

Instructions: (pc=0x00000000546c8091)
0x00000000546c8071:   05 5e ee 55 00 33 c9 89 47 68 ff 15 ef 3a 57 00
0x00000000546c8081:   48 3b c3 0f 85 46 01 00 00 48 8b c3 48 83 e0 fd
0x00000000546c8091:   48 8b 00 48 89 07 48 89 5f 18 4c 89 67 28 48 89
0x00000000546c80a1:   77 08 48 8b 06 48 85 c0 74 24 4c 8d 0d de 07 3c 


Register to memory mapping:

RAX=0x7f4f0000002c59b0 is an unknown value
RBX=0x7f4f0000002c59b0 is an unknown value
RCX=0x0000000000000000 is an unknown value
RDX=0x00000000e618cd4a is an unknown value
RSP=0x000000002d57d530 is pointing into the stack for thread: 0x0000000020fc5000
RBP=0x0000000020fc5000 is a thread
RSI=0x00000000e618cd4a is an unknown value
RDI=0x000000001cf76228 is an unknown value
R8 =0x7f4f0000002c59b0 is an unknown value
R9 =0x00000000ed74dc48 is an oop
[Ljava.lang.Object; 
 - klass: 'java/lang/Object'[]
 - length: 131072
R10=0x00007ffea1805b48 is an unknown value
R11=0x0000000000020000 is an unknown value
R12=0x0000000000000000 is an unknown value
R13=0x0000007fffffff00 is an unknown value
R14=0x000000002d57d650 is pointing into the stack for thread: 0x0000000020fc5000
R15=0x0000000020fc5000 is a thread


Stack: [0x000000002d480000,0x000000002d580000],  sp=0x000000002d57d530,  free space=1013k
Native frames: (J=compiled Java code, j=interpreted, Vv=VM code, C=native code)
V  [jvm.dll+0x218091]
V  [jvm.dll+0x219096]
V  [jvm.dll+0x15c1d1]
C  0x0000000003674094

Java frames: (J=compiled Java code, j=interpreted, Vv=VM code)
J 1825  java.lang.System.identityHashCode(Ljava/lang/Object;)I (0 bytes) @ 0x0000000003674012 [0x0000000003673fc0+0x52]
J 19000 C2 java.util.IdentityHashMap.resize(I)Z (153 bytes) @ 0x00000000060a7e9c [0x00000000060a7d40+0x15c]
J 25323 C2 com.android.tools.r8.dex.P$g$$Lambda$1004.apply(Ljava/lang/Object;)Ljava/lang/Object; (15 bytes) @ 0x00000000056bc4e8 [0x00000000056bc2c0+0x228]
J 18828 C2 com.android.tools.r8.dex.P$g$$Lambda$999.accept(Ljava/lang/Object;)V (12 bytes) @ 0x00000000060ffac0 [0x00000000060ffa60+0x60]
J 18612 C2 java.lang.Iterable.forEach(Ljava/util/function/Consumer;)V (39 bytes) @ 0x0000000006530a7c [0x00000000065309e0+0x9c]
J 32160 C1 com.android.tools.r8.dex.P$g.b()V (190 bytes) @ 0x0000000008873024 [0x00000000088729e0+0x644]
J 35223 C1 com.android.tools.r8.dex.P.c()V (8 bytes) @ 0x0000000009112da4 [0x0000000009112d40+0x64]
j  com.android.tools.r8.dex.P$i.a()Ljava/util/Map;+191
j  com.android.tools.r8.dex.P$e.a()Ljava/util/Collection;+628
j  com.android.tools.r8.dex.b.a(Ljava/util/concurrent/ExecutorService;)Ljava/lang/Iterable;+120
j  com.android.tools.r8.dex.b.b(Ljava/util/concurrent/ExecutorService;)V+215
J 33738% C1 com.android.tools.r8.D8.d(Lcom/android/tools/r8/utils/e;Lcom/android/tools/r8/utils/g0;Ljava/util/concurrent/ExecutorService;)V (527 bytes) @ 0x0000000008d58d8c [0x0000000008d54680+0x470c]
j  com.android.tools.r8.D8.b(Lcom/android/tools/r8/utils/e;Lcom/android/tools/r8/utils/g0;Ljava/util/concurrent/ExecutorService;)V+3
j  com.android.tools.r8.D8$$Lambda$742.run()V+12
j  com.android.tools.r8.utils.W.a(Lcom/android/tools/r8/utils/O0;Lcom/android/tools/r8/utils/W$a;)V+2
j  com.android.tools.r8.D8.run(Lcom/android/tools/r8/D8Command;Ljava/util/concurrent/ExecutorService;)V+22
j  com.android.builder.dexing.D8DexArchiveMerger.mergeDexArchives(Ljava/util/Iterator;Ljava/nio/file/Path;Ljava/nio/file/Path;Lcom/android/builder/dexing/DexingType;)V+432
j  com.android.build.gradle.internal.transforms.DexMergerTransformCallable.call()Ljava/lang/Void;+175
j  com.android.build.gradle.internal.tasks.DexMergingTaskRunnable.run()V+736
j  com.android.build.gradle.internal.tasks.Workers$ActionFacade.run()V+129
j  org.gradle.workers.internal.AdapterWorkAction.execute()V+51
j  org.gradle.workers.internal.DefaultWorkerServer.execute(Lorg/gradle/workers/internal/ActionExecutionSpec;)Lorg/gradle/workers/internal/DefaultWorkResult;+107
j  org.gradle.workers.internal.NoIsolationWorkerFactory$1$1.create()Lorg/gradle/workers/internal/DefaultWorkResult;+8
j  org.gradle.workers.internal.NoIsolationWorkerFactory$1$1.create()Ljava/lang/Object;+1
j  org.gradle.internal.classloader.ClassLoaderUtils.executeInClassloader(Ljava/lang/ClassLoader;Lorg/gradle/internal/Factory;)Ljava/lang/Object;+15
j  org.gradle.workers.internal.NoIsolationWorkerFactory$1.lambda$execute$0(Lorg/gradle/workers/WorkerExecutor;Ljava/lang/ClassLoader;Lorg/gradle/workers/internal/ActionExecutionSpec;)Lorg/gradle/workers/internal/DefaultWorkResult;+77
j  org.gradle.workers.internal.NoIsolationWorkerFactory$1$$Lambda$657.execute(Lorg/gradle/workers/internal/ActionExecutionSpec;)Lorg/gradle/workers/internal/DefaultWorkResult;+13
j  org.gradle.workers.internal.AbstractWorker$1.call(Lorg/gradle/internal/operations/BuildOperationContext;)Lorg/gradle/workers/internal/DefaultWorkResult;+8
j  org.gradle.workers.internal.AbstractWorker$1.call(Lorg/gradle/internal/operations/BuildOperationContext;)Ljava/lang/Object;+2
J 26561 C2 org.gradle.internal.operations.DefaultBuildOperationExecutor$1.execute(Lorg/gradle/internal/operations/BuildOperationDescriptor;Lorg/gradle/internal/operations/DefaultBuildOperationExecutor$DefaultBuildOperationContext;Lorg/gradle/internal/operations/DefaultBuildOperationExecutor$BuildOperationExecutionListener;)Lorg/gradle/internal/operations/BuildOperation; (82 bytes) @ 0x000000000774a350 [0x000000000774a280+0xd0]
J 21227 C2 org.gradle.internal.operations.DefaultBuildOperationExecutor.execute(Lorg/gradle/internal/operations/BuildOperationDescriptor$Builder;Lorg/gradle/internal/operations/DefaultBuildOperationExecutor$BuildOperationState;Lorg/gradle/internal/operations/DefaultBuildOperationExecutor$BuildOperationExecution;)Lorg/gradle/internal/operations/BuildOperation; (111 bytes) @ 0x0000000006b72d80 [0x0000000006b72720+0x660]
J 27131 C2 org.gradle.internal.operations.DefaultBuildOperationExecutor.execute(Lorg/gradle/internal/operations/BuildOperation;Lorg/gradle/internal/operations/BuildOperationWorker;Lorg/gradle/internal/operations/DefaultBuildOperationExecutor$BuildOperationState;)V (27 bytes) @ 0x00000000079a5fdc [0x00000000079a5f20+0xbc]
J 18009 C2 org.gradle.internal.operations.DelegatingBuildOperationExecutor.call(Lorg/gradle/internal/operations/CallableBuildOperation;)Ljava/lang/Object; (11 bytes) @ 0x00000000049b8a1c [0x00000000049b88c0+0x15c]
j  org.gradle.workers.internal.AbstractWorker.executeWrappedInBuildOperation(Lorg/gradle/workers/internal/ActionExecutionSpec;Lorg/gradle/internal/operations/BuildOperationRef;Lorg/gradle/workers/internal/AbstractWorker$Work;)Lorg/gradle/workers/internal/DefaultWorkResult;+15
j  org.gradle.workers.internal.NoIsolationWorkerFactory$1.execute(Lorg/gradle/workers/internal/ActionExecutionSpec;Lorg/gradle/internal/operations/BuildOperationRef;)Lorg/gradle/workers/internal/DefaultWorkResult;+17
j  org.gradle.workers.internal.DefaultWorkerExecutor.lambda$submitWork$2(Lorg/gradle/workers/internal/WorkerFactory;Lorg/gradle/workers/internal/WorkerRequirement;Lorg/gradle/workers/internal/ActionExecutionSpec;Lorg/gradle/internal/operations/BuildOperationRef;)Lorg/gradle/workers/internal/DefaultWorkResult;+13
j  org.gradle.workers.internal.DefaultWorkerExecutor$$Lambda$656.call()Ljava/lang/Object;+16
J 16240 C2 java.util.concurrent.FutureTask.run()V (126 bytes) @ 0x000000000604f378 [0x000000000604f1a0+0x1d8]
j  org.gradle.internal.work.DefaultConditionalExecutionQueue$ExecutionRunner.runExecution(Lorg/gradle/internal/work/ConditionalExecution;)V+6
j  org.gradle.internal.work.DefaultConditionalExecutionQueue$ExecutionRunner.runBatch(Lorg/gradle/internal/work/ConditionalExecution;)V+8
j  org.gradle.internal.work.DefaultConditionalExecutionQueue$ExecutionRunner.run()V+11
J 19882 C1 java.util.concurrent.Executors$RunnableAdapter.call()Ljava/lang/Object; (14 bytes) @ 0x0000000003cc6a4c [0x0000000003cc6940+0x10c]
J 16240 C2 java.util.concurrent.FutureTask.run()V (126 bytes) @ 0x000000000604f378 [0x000000000604f1a0+0x1d8]
J 26163 C2 org.gradle.internal.concurrent.ManagedExecutorImpl$1.run()V (59 bytes) @ 0x0000000007105354 [0x0000000007105220+0x134]
J 26857 C1 java.util.concurrent.ThreadPoolExecutor.runWorker(Ljava/util/concurrent/ThreadPoolExecutor$Worker;)V (225 bytes) @ 0x0000000007826964 [0x0000000007825920+0x1044]
j  java.util.concurrent.ThreadPoolExecutor$Worker.run()V+5
j  org.gradle.internal.concurrent.ThreadFactoryImpl$ManagedThreadRunnable.run()V+7
j  java.lang.Thread.run()V+11
v  ~StubRoutines::call_stub

---------------  P R O C E S S  ---------------

Java Threads: ( => current thread )
  0x000000001965a000 JavaThread "ForkJoinPool-8-worker-0" daemon [_thread_blocked, id=11592, stack(0x000000002f0f0000,0x000000002f1f0000)]
  0x0000000019650800 JavaThread "ForkJoinPool-8-worker-3" daemon [_thread_blocked, id=11500, stack(0x000000002eff0000,0x000000002f0f0000)]
  0x0000000019652000 JavaThread "ForkJoinPool-8-worker-2" daemon [_thread_blocked, id=7792, stack(0x000000002eef0000,0x000000002eff0000)]
  0x0000000019656800 JavaThread "ForkJoinPool-8-worker-1" daemon [_thread_blocked, id=356, stack(0x000000002dab0000,0x000000002dbb0000)]
  0x000000001964d800 JavaThread "ForkJoinPool.commonPool-worker-0" daemon [_thread_blocked, id=11216, stack(0x000000002edf0000,0x000000002eef0000)]
  0x0000000019654800 JavaThread "ForkJoinPool.commonPool-worker-1" daemon [_thread_blocked, id=11412, stack(0x000000002dc30000,0x000000002dd30000)]
  0x0000000020fca000 JavaThread "Cache worker for Java compile cache (C:\Users\kma_s\Documents\PROJETOS ANDROID\ZENITECH\ZCALL_MOBILE_ENTREGADOR_VERSIONADO\.gradle\6.1.1\javaCompile)" [_thread_blocked, id=14004, stack(0x000000002d7b0000,0x000000002d8b0000)]
  0x0000000020fcd000 JavaThread "ForkJoinPool.commonPool-worker-2" daemon [_thread_blocked, id=9580, stack(0x0000000031b60000,0x0000000031c60000)]
  0x0000000020fcb800 JavaThread "stdout" [_thread_in_native, id=15068, stack(0x0000000031a60000,0x0000000031b60000)]
  0x0000000020fcb000 JavaThread "stderr" [_thread_in_native, id=17108, stack(0x0000000031960000,0x0000000031a60000)]
  0x0000000020fc9800 JavaThread "stdout" [_thread_in_native, id=13352, stack(0x00000000293f0000,0x00000000294f0000)]
  0x0000000020fc2000 JavaThread "stderr" [_thread_in_native, id=11936, stack(0x00000000270e0000,0x00000000271e0000)]
  0x0000000020fc8800 JavaThread "stdout" [_thread_in_native, id=6204, stack(0x0000000031860000,0x0000000031960000)]
  0x0000000020fc6800 JavaThread "stderr" [_thread_in_native, id=16240, stack(0x0000000031760000,0x0000000031860000)]
  0x0000000020fc8000 JavaThread "stdout" [_thread_in_native, id=3564, stack(0x000000002f640000,0x000000002f740000)]
  0x0000000020fc2800 JavaThread "stderr" [_thread_in_native, id=13552, stack(0x000000002f540000,0x000000002f640000)]
=>0x0000000020fc5000 JavaThread "WorkerExecutor Queue Thread 4" [_thread_in_vm, id=5672, stack(0x000000002d480000,0x000000002d580000)]
  0x0000000020fc1000 JavaThread "WorkerExecutor Queue Thread 3" [_thread_blocked, id=7860, stack(0x000000002d380000,0x000000002d480000)]
  0x0000000020fc3800 JavaThread "pool-22-thread-1" [_thread_blocked, id=16924, stack(0x000000002d280000,0x000000002d380000)]
  0x0000000020fc5800 JavaThread "WorkerExecutor Queue Thread 2" [_thread_blocked, id=17328, stack(0x000000002d180000,0x000000002d280000)]
  0x0000000019af4800 JavaThread "WorkerExecutor Queue" [_thread_blocked, id=712, stack(0x000000002a3c0000,0x000000002a4c0000)]
  0x0000000019af9000 JavaThread "Cache worker for execution history cache (C:\Users\kma_s\Documents\PROJETOS ANDROID\ZENITECH\ZCALL_MOBILE_ENTREGADOR_VERSIONADO\.gradle\6.1.1\executionHistory)" [_thread_blocked, id=16832, stack(0x0000000026180000,0x0000000026280000)]
  0x0000000019af7000 JavaThread "Execution worker for ':' Thread 3" [_thread_blocked, id=17028, stack(0x0000000026980000,0x0000000026a80000)]
  0x0000000019af5800 JavaThread "Execution worker for ':' Thread 2" [_thread_blocked, id=12324, stack(0x00000000263a0000,0x00000000264a0000)]
  0x0000000019af7800 JavaThread "Execution worker for ':'" [_thread_blocked, id=12252, stack(0x00000000262a0000,0x00000000263a0000)]
  0x0000000019af8800 JavaThread "Cache worker for file content cache (C:\Users\kma_s\Documents\PROJETOS ANDROID\ZENITECH\ZCALL_MOBILE_ENTREGADOR_VERSIONADO\.gradle\6.1.1\fileContent)" [_thread_blocked, id=8864, stack(0x0000000025f80000,0x0000000026080000)]
  0x0000000019af6000 JavaThread "Cache worker for Build Output Cleanup Cache (C:\Users\kma_s\Documents\PROJETOS ANDROID\ZENITECH\ZCALL_MOBILE_ENTREGADOR_VERSIONADO\.gradle\buildOutputCleanup)" [_thread_blocked, id=14724, stack(0x0000000025e80000,0x0000000025f80000)]
  0x0000000019af4000 JavaThread "pool-21-thread-1" [_thread_blocked, id=13296, stack(0x0000000025380000,0x0000000025480000)]
  0x0000000019aeb800 JavaThread "Build operations Thread 4" [_thread_blocked, id=9456, stack(0x0000000024030000,0x0000000024130000)]
  0x0000000019af2800 JavaThread "Build operations Thread 3" [_thread_blocked, id=3036, stack(0x0000000022ab0000,0x0000000022bb0000)]
  0x0000000019aea800 JavaThread "Build operations Thread 2" [_thread_blocked, id=17268, stack(0x0000000021fb0000,0x00000000220b0000)]
  0x0000000019af1800 JavaThread "Build operations" [_thread_blocked, id=17340, stack(0x0000000021890000,0x0000000021990000)]
  0x0000000019af1000 JavaThread "Cache worker for cache directory md-rule (C:\Users\kma_s\.gradle\caches\6.1.1\md-rule)" [_thread_blocked, id=10928, stack(0x0000000021790000,0x0000000021890000)]
  0x0000000019aef800 JavaThread "Cache worker for cache directory md-supplier (C:\Users\kma_s\.gradle\caches\6.1.1\md-supplier)" [_thread_blocked, id=13796, stack(0x00000000213d0000,0x00000000214d0000)]
  0x0000000019af0000 JavaThread "Cache worker for file hash cache (C:\Users\kma_s\Documents\PROJETOS ANDROID\ZENITECH\ZCALL_MOBILE_ENTREGADOR_VERSIONADO\.gradle\6.1.1\fileHashes)" [_thread_blocked, id=6272, stack(0x00000000212d0000,0x00000000213d0000)]
  0x0000000019aee000 JavaThread "Cache worker for checksums cache (C:\Users\kma_s\Documents\PROJETOS ANDROID\ZENITECH\ZCALL_MOBILE_ENTREGADOR_VERSIONADO\.gradle\checksums)" [_thread_blocked, id=13656, stack(0x00000000211d0000,0x00000000212d0000)]
  0x000000001ce00000 JavaThread "Thread-196" [_thread_blocked, id=16532, stack(0x000000001f180000,0x000000001f280000)]
  0x000000001cdff000 JavaThread "Stdin handler" [_thread_blocked, id=15324, stack(0x000000001da10000,0x000000001db10000)]
  0x000000001cdf6800 JavaThread "Asynchronous log dispatcher for DefaultDaemonConnection: socket connection from /127.0.0.1:52718 to /127.0.0.1:49273" [_thread_blocked, id=15532, stack(0x000000001c240000,0x000000001c340000)]
  0x000000001cdf6000 JavaThread "Daemon worker Thread 5" [_thread_blocked, id=16504, stack(0x000000001bf40000,0x000000001c040000)]
  0x000000001cdfd000 JavaThread "Cancel handler" [_thread_blocked, id=16752, stack(0x000000001be40000,0x000000001bf40000)]
  0x000000001cdfa000 JavaThread "Handler for socket connection from /127.0.0.1:52718 to /127.0.0.1:49273" [_thread_in_native, id=10048, stack(0x000000001bb40000,0x000000001bc40000)]
  0x000000001cdfc000 JavaThread "Daemon Thread 5" [_thread_blocked, id=16616, stack(0x000000001ba40000,0x000000001bb40000)]
  0x0000000019657800 JavaThread "Cache worker for Java compile cache (C:\Users\kma_s\.gradle\caches\6.1.1\javaCompile)" [_thread_blocked, id=4072, stack(0x0000000001400000,0x0000000001500000)]
  0x000000001a857800 JavaThread "Cache worker for file content cache (C:\Users\kma_s\.gradle\caches\6.1.1\fileContent)" [_thread_blocked, id=15828, stack(0x0000000025980000,0x0000000025a80000)]
  0x000000001a855000 JavaThread "Memory manager" [_thread_blocked, id=15196, stack(0x0000000025680000,0x0000000025780000)]
  0x00000000169ac000 JavaThread "Cache worker for execution history cache (C:\Users\kma_s\.gradle\caches\6.1.1\executionHistory)" [_thread_blocked, id=6168, stack(0x000000001f280000,0x000000001f380000)]
  0x00000000169aa800 JavaThread "Cache worker for file hash cache (C:\Users\kma_s\.gradle\caches\6.1.1\fileHashes)" [_thread_blocked, id=13660, stack(0x000000001c740000,0x000000001c840000)]
  0x00000000169b0800 JavaThread "File lock request listener" [_thread_in_native, id=5700, stack(0x000000001c640000,0x000000001c740000)]
  0x000000001a414000 JavaThread "Cache worker for journal cache (C:\Users\kma_s\.gradle\caches\journal-1)" [_thread_blocked, id=9352, stack(0x000000001c540000,0x000000001c640000)]
  0x000000001a2d7000 JavaThread "Daemon periodic checks" [_thread_blocked, id=10620, stack(0x000000001b940000,0x000000001ba40000)]
  0x000000001a2bf000 JavaThread "Incoming local TCP Connector on port 52718" [_thread_in_native, id=14552, stack(0x000000001b6e0000,0x000000001b7e0000)]
  0x000000001894b800 JavaThread "Daemon health stats" [_thread_blocked, id=14768, stack(0x000000001b0a0000,0x000000001b1a0000)]
  0x0000000018330800 JavaThread "Service Thread" daemon [_thread_blocked, id=16520, stack(0x0000000018700000,0x0000000018800000)]
  0x00000000169af000 JavaThread "C1 CompilerThread2" daemon [_thread_blocked, id=10792, stack(0x0000000018200000,0x0000000018300000)]
  0x000000001699a000 JavaThread "C2 CompilerThread1" daemon [_thread_in_native, id=14144, stack(0x0000000018100000,0x0000000018200000)]
  0x0000000016997800 JavaThread "C2 CompilerThread0" daemon [_thread_in_native, id=15304, stack(0x0000000018000000,0x0000000018100000)]
  0x0000000016996000 JavaThread "Attach Listener" daemon [_thread_blocked, id=14748, stack(0x0000000017f00000,0x0000000018000000)]
  0x0000000016994800 JavaThread "Signal Dispatcher" daemon [_thread_blocked, id=6688, stack(0x0000000017e00000,0x0000000017f00000)]
  0x000000000301b000 JavaThread "Finalizer" daemon [_thread_blocked, id=14732, stack(0x0000000017bf0000,0x0000000017cf0000)]
  0x0000000016979000 JavaThread "Reference Handler" daemon [_thread_blocked, id=14156, stack(0x0000000017af0000,0x0000000017bf0000)]
  0x0000000002f1e800 JavaThread "main" [_thread_blocked, id=15372, stack(0x0000000002df0000,0x0000000002ef0000)]

Other Threads:
  0x0000000016956800 VMThread [stack: 0x00000000179f0000,0x0000000017af0000] [id=15456]
  0x0000000018331000 WatcherThread [stack: 0x0000000018800000,0x0000000018900000] [id=8820]

VM state:synchronizing (normal execution)

VM Mutex/Monitor currently owned by a thread:  ([mutex/lock_event])
[0x0000000002f1cea0] Threads_lock - owner thread: 0x0000000016956800

heap address: 0x00000000a0000000, size: 1536 MB, Compressed Oops mode: 32-bit
Narrow klass base: 0x0000000000000000, Narrow klass shift: 3
Compressed class space size: 1073741824 Address: 0x0000000100000000

Heap:
 PSYoungGen      total 429568K, used 305797K [0x00000000e0000000, 0x0000000100000000, 0x0000000100000000)
  eden space 345600K, 75% used [0x00000000e0000000,0x00000000efe3e730,0x00000000f5180000)
  from space 83968K, 54% used [0x00000000f5180000,0x00000000f7de2fd0,0x00000000fa380000)
  to   space 86016K, 0% used [0x00000000fac00000,0x00000000fac00000,0x0000000100000000)
 ParOldGen       total 295936K, used 146900K [0x00000000a0000000, 0x00000000b2100000, 0x00000000e0000000)
  object space 295936K, 49% used [0x00000000a0000000,0x00000000a8f75218,0x00000000b2100000)
 Metaspace       used 161897K, capacity 169682K, committed 170664K, reserved 1198080K
  class space    used 20115K, capacity 21636K, committed 21928K, reserved 1048576K

Card table byte_map: [0x00000000123e0000,0x00000000126f0000] byte_map_base: 0x0000000011ee0000

Marking Bits: (ParMarkBitMap*) 0x0000000054c7f030
 Begin Bits: [0x0000000012cf0000, 0x00000000144f0000)
 End Bits:   [0x00000000144f0000, 0x0000000015cf0000)

Polling page: 0x0000000002d40000

CodeCache: size=245760Kb used=98850Kb max_used=98850Kb free=146909Kb
 bounds [0x0000000003020000, 0x0000000009130000, 0x0000000012020000]
 total_blobs=28423 nmethods=27409 adapters=924
 compilation: enabled

Compilation events (10 events):
Event: 3192.143 Thread 0x00000000169af000 35399       2       com.google.protobuf.TextFormat$Printer::print (34 bytes)
Event: 3192.143 Thread 0x00000000169af000 nmethod 35399 0x00000000091283d0 code [0x0000000009128560, 0x0000000009128798]
Event: 3192.143 Thread 0x00000000169af000 35400       2       com.google.protobuf.GeneratedMessageV3::getDescriptorForType (8 bytes)
Event: 3192.143 Thread 0x00000000169af000 nmethod 35400 0x0000000007d90350 code [0x0000000007d904c0, 0x0000000007d90648]
Event: 3192.157 Thread 0x00000000169af000 35411       2       org.gradle.launcher.daemon.server.exec.DaemonConnectionBackedEventConsumer::dispatch (12 bytes)
Event: 3192.157 Thread 0x00000000169af000 nmethod 35411 0x00000000091288d0 code [0x0000000009128a40, 0x0000000009128bc8]
Event: 3192.157 Thread 0x00000000169af000 35412   !   2       org.gradle.launcher.daemon.server.exec.DaemonConnectionBackedEventConsumer$ForwardEvents::dispatchEvent (26 bytes)
Event: 3192.158 Thread 0x00000000169af000 nmethod 35412 0x0000000009128c50 code [0x0000000009128de0, 0x0000000009129098]
Event: 3192.158 Thread 0x00000000169af000 35413       2       org.gradle.launcher.daemon.protocol.DaemonMessageSerializer$BuildEventSerializer::write (10 bytes)
Event: 3192.158 Thread 0x00000000169af000 nmethod 35413 0x0000000009129310 code [0x0000000009129480, 0x0000000009129628]

GC Heap History (10 events):
Event: 3178.627 GC heap before
{Heap before GC invocations=41 (full 5):
 PSYoungGen      total 418816K, used 330383K [0x00000000e0000000, 0x00000000ff780000, 0x0000000100000000)
  eden space 325632K, 100% used [0x00000000e0000000,0x00000000f3e00000,0x00000000f3e00000)
  from space 93184K, 5% used [0x00000000f3e00000,0x00000000f42a3e38,0x00000000f9900000)
  to   space 92160K, 0% used [0x00000000f9d80000,0x00000000f9d80000,0x00000000ff780000)
 ParOldGen       total 323584K, used 289440K [0x00000000a0000000, 0x00000000b3c00000, 0x00000000e0000000)
  object space 323584K, 89% used [0x00000000a0000000,0x00000000b1aa80d0,0x00000000b3c00000)
 Metaspace       used 160270K, capacity 168622K, committed 168872K, reserved 1196032K
  class space    used 20127K, capacity 21867K, committed 21928K, reserved 1048576K
Event: 3178.640 GC heap after
Heap after GC invocations=41 (full 5):
 PSYoungGen      total 425472K, used 5647K [0x00000000e0000000, 0x00000000ffb00000, 0x0000000100000000)
  eden space 333312K, 0% used [0x00000000e0000000,0x00000000e0000000,0x00000000f4580000)
  from space 92160K, 6% used [0x00000000f9d80000,0x00000000fa303c10,0x00000000ff780000)
  to   space 90112K, 0% used [0x00000000f4580000,0x00000000f4580000,0x00000000f9d80000)
 ParOldGen       total 323584K, used 292720K [0x00000000a0000000, 0x00000000b3c00000, 0x00000000e0000000)
  object space 323584K, 90% used [0x00000000a0000000,0x00000000b1ddc200,0x00000000b3c00000)
 Metaspace       used 160270K, capacity 168622K, committed 168872K, reserved 1196032K
  class space    used 20127K, capacity 21867K, committed 21928K, reserved 1048576K
}
Event: 3179.771 GC heap before
{Heap before GC invocations=42 (full 5):
 PSYoungGen      total 425472K, used 338959K [0x00000000e0000000, 0x00000000ffb00000, 0x0000000100000000)
  eden space 333312K, 100% used [0x00000000e0000000,0x00000000f4580000,0x00000000f4580000)
  from space 92160K, 6% used [0x00000000f9d80000,0x00000000fa303c10,0x00000000ff780000)
  to   space 90112K, 0% used [0x00000000f4580000,0x00000000f4580000,0x00000000f9d80000)
 ParOldGen       total 323584K, used 292720K [0x00000000a0000000, 0x00000000b3c00000, 0x00000000e0000000)
  object space 323584K, 90% used [0x00000000a0000000,0x00000000b1ddc200,0x00000000b3c00000)
 Metaspace       used 160297K, capacity 168626K, committed 168872K, reserved 1196032K
  class space    used 20128K, capacity 21869K, committed 21928K, reserved 1048576K
Event: 3179.861 GC heap after
Heap after GC invocations=42 (full 5):
 PSYoungGen      total 423424K, used 6032K [0x00000000e0000000, 0x00000000ff900000, 0x0000000100000000)
  eden space 333312K, 0% used [0x00000000e0000000,0x00000000e0000000,0x00000000f4580000)
  from space 90112K, 6% used [0x00000000f4580000,0x00000000f4b642f0,0x00000000f9d80000)
  to   space 87552K, 0% used [0x00000000fa380000,0x00000000fa380000,0x00000000ff900000)
 ParOldGen       total 323584K, used 297442K [0x00000000a0000000, 0x00000000b3c00000, 0x00000000e0000000)
  object space 323584K, 91% used [0x00000000a0000000,0x00000000b2278a08,0x00000000b3c00000)
 Metaspace       used 160297K, capacity 168626K, committed 168872K, reserved 1196032K
  class space    used 20128K, capacity 21869K, committed 21928K, reserved 1048576K
}
Event: 3179.966 GC heap before
{Heap before GC invocations=43 (full 6):
 PSYoungGen      total 423424K, used 6032K [0x00000000e0000000, 0x00000000ff900000, 0x0000000100000000)
  eden space 333312K, 0% used [0x00000000e0000000,0x00000000e0000000,0x00000000f4580000)
  from space 90112K, 6% used [0x00000000f4580000,0x00000000f4b642f0,0x00000000f9d80000)
  to   space 87552K, 0% used [0x00000000fa380000,0x00000000fa380000,0x00000000ff900000)
 ParOldGen       total 323584K, used 297442K [0x00000000a0000000, 0x00000000b3c00000, 0x00000000e0000000)
  object space 323584K, 91% used [0x00000000a0000000,0x00000000b2278a08,0x00000000b3c00000)
 Metaspace       used 160297K, capacity 168626K, committed 168872K, reserved 1196032K
  class space    used 20128K, capacity 21869K, committed 21928K, reserved 1048576K
Event: 3185.139 GC heap after
Heap after GC invocations=43 (full 6):
 PSYoungGen      total 423424K, used 0K [0x00000000e0000000, 0x00000000ff900000, 0x0000000100000000)
  eden space 333312K, 0% used [0x00000000e0000000,0x00000000e0000000,0x00000000f4580000)
  from space 90112K, 0% used [0x00000000f4580000,0x00000000f4580000,0x00000000f9d80000)
  to   space 87552K, 0% used [0x00000000fa380000,0x00000000fa380000,0x00000000ff900000)
 ParOldGen       total 295936K, used 143032K [0x00000000a0000000, 0x00000000b2100000, 0x00000000e0000000)
  object space 295936K, 48% used [0x00000000a0000000,0x00000000a8bae240,0x00000000b2100000)
 Metaspace       used 159351K, capacity 166828K, committed 168872K, reserved 1196032K
  class space    used 19912K, capacity 21395K, committed 21928K, reserved 1048576K
}
Event: 3188.879 GC heap before
{Heap before GC invocations=44 (full 6):
 PSYoungGen      total 423424K, used 333312K [0x00000000e0000000, 0x00000000ff900000, 0x0000000100000000)
  eden space 333312K, 100% used [0x00000000e0000000,0x00000000f4580000,0x00000000f4580000)
  from space 90112K, 0% used [0x00000000f4580000,0x00000000f4580000,0x00000000f9d80000)
  to   space 87552K, 0% used [0x00000000fa380000,0x00000000fa380000,0x00000000ff900000)
 ParOldGen       total 295936K, used 143032K [0x00000000a0000000, 0x00000000b2100000, 0x00000000e0000000)
  object space 295936K, 48% used [0x00000000a0000000,0x00000000a8bae240,0x00000000b2100000)
 Metaspace       used 159456K, capacity 166962K, committed 168872K, reserved 1196032K
  class space    used 19912K, capacity 21396K, committed 21928K, reserved 1048576K
Event: 3188.906 GC heap after
Heap after GC invocations=44 (full 6):
 PSYoungGen      total 430592K, used 10390K [0x00000000e0000000, 0x00000000ff680000, 0x0000000100000000)
  eden space 345600K, 0% used [0x00000000e0000000,0x00000000e0000000,0x00000000f5180000)
  from space 84992K, 12% used [0x00000000fa380000,0x00000000fada5a50,0x00000000ff680000)
  to   space 83968K, 0% used [0x00000000f5180000,0x00000000f5180000,0x00000000fa380000)
 ParOldGen       total 295936K, used 143032K [0x00000000a0000000, 0x00000000b2100000, 0x00000000e0000000)
  object space 295936K, 48% used [0x00000000a0000000,0x00000000a8bae240,0x00000000b2100000)
 Metaspace       used 159456K, capacity 166962K, committed 168872K, reserved 1196032K
  class space    used 19912K, capacity 21396K, committed 21928K, reserved 1048576K
}
Event: 3191.103 GC heap before
{Heap before GC invocations=45 (full 6):
 PSYoungGen      total 430592K, used 355990K [0x00000000e0000000, 0x00000000ff680000, 0x0000000100000000)
  eden space 345600K, 100% used [0x00000000e0000000,0x00000000f5180000,0x00000000f5180000)
  from space 84992K, 12% used [0x00000000fa380000,0x00000000fada5a50,0x00000000ff680000)
  to   space 83968K, 0% used [0x00000000f5180000,0x00000000f5180000,0x00000000fa380000)
 ParOldGen       total 295936K, used 143032K [0x00000000a0000000, 0x00000000b2100000, 0x00000000e0000000)
  object space 295936K, 48% used [0x00000000a0000000,0x00000000a8bae240,0x00000000b2100000)
 Metaspace       used 160313K, capacity 167970K, committed 169128K, reserved 1196032K
  class space    used 19944K, capacity 21458K, committed 21928K, reserved 1048576K
Event: 3191.140 GC heap after
Heap after GC invocations=45 (full 6):
 PSYoungGen      total 429568K, used 45451K [0x00000000e0000000, 0x0000000100000000, 0x0000000100000000)
  eden space 345600K, 0% used [0x00000000e0000000,0x00000000e0000000,0x00000000f5180000)
  from space 83968K, 54% used [0x00000000f5180000,0x00000000f7de2fd0,0x00000000fa380000)
  to   space 86016K, 0% used [0x00000000fac00000,0x00000000fac00000,0x0000000100000000)
 ParOldGen       total 295936K, used 146900K [0x00000000a0000000, 0x00000000b2100000, 0x00000000e0000000)
  object space 295936K, 49% used [0x00000000a0000000,0x00000000a8f75218,0x00000000b2100000)
 Metaspace       used 160313K, capacity 167970K, committed 169128K, reserved 1196032K
  class space    used 19944K, capacity 21458K, committed 21928K, reserved 1048576K
}

Deoptimization events (10 events):
Event: 3191.073 Thread 0x0000000020fc5800 Uncommon trap: reason=class_check action=maybe_recompile pc=0x0000000008e988c4 method=com.android.tools.r8.ir.regalloc.a.a(Lcom/android/tools/r8/utils/g0;Lcom/android/tools/r8/u/b/W;Ljava/util/Map;Ljava/util/List;)V @ 842
Event: 3191.094 Thread 0x0000000020fc1000 Uncommon trap: reason=array_check action=maybe_recompile pc=0x0000000008e0f544 method=java.util.TimSort.mergeHi(IIII)V @ 171
Event: 3191.094 Thread 0x0000000020fc1000 Uncommon trap: reason=array_check action=maybe_recompile pc=0x0000000008e0f544 method=java.util.TimSort.mergeHi(IIII)V @ 171
Event: 3191.152 Thread 0x0000000020fc1000 Uncommon trap: reason=class_check action=maybe_recompile pc=0x000000000674f324 method=com.android.tools.r8.dex.m.c(I)V @ 108
Event: 3191.195 Thread 0x0000000019af4800 Uncommon trap: reason=class_check action=maybe_recompile pc=0x000000000674f324 method=com.android.tools.r8.dex.m.c(I)V @ 108
Event: 3191.668 Thread 0x0000000019af5800 Uncommon trap: reason=unstable_if action=reinterpret pc=0x0000000003b34bb0 method=java.lang.ref.SoftReference.get()Ljava/lang/Object; @ 6
Event: 3192.004 Thread 0x0000000019af5800 Uncommon trap: reason=unstable_if action=reinterpret pc=0x0000000003355ff4 method=java.lang.ref.SoftReference.get()Ljava/lang/Object; @ 6
Event: 3192.118 Thread 0x0000000020fc1000 Uncommon trap: reason=bimorphic action=maybe_recompile pc=0x00000000068815bc method=com.google.common.collect.ImmutableMap.copyOf(Ljava/lang/Iterable;)Lcom/google/common/collect/ImmutableMap; @ 53
Event: 3192.124 Thread 0x0000000019af5800 Uncommon trap: reason=class_check action=maybe_recompile pc=0x0000000006e54d14 method=java.lang.AbstractStringBuilder.append(Ljava/lang/CharSequence;)Ljava/lang/AbstractStringBuilder; @ 37
Event: 3192.126 Thread 0x0000000019af5800 Uncommon trap: reason=class_check action=maybe_recompile pc=0x0000000006e54d14 method=java.lang.AbstractStringBuilder.append(Ljava/lang/CharSequence;)Ljava/lang/AbstractStringBuilder; @ 37

Classes redefined (0 events):
No events

Internal exceptions (10 events):
Event: 3191.180 Thread 0x0000000020fc5800 Exception <a 'sun/nio/fs/WindowsException'> (0x00000000e08dbfc0) thrown at [C:\src\AOSP-openjdk-git\hotspot\src\share\vm\prims\jni.cpp, line 710]
Event: 3191.201 Thread 0x0000000020fc5800 Exception <a 'sun/nio/fs/WindowsException'> (0x00000000e08e58e8) thrown at [C:\src\AOSP-openjdk-git\hotspot\src\share\vm\prims\jni.cpp, line 710]
Event: 3191.205 Thread 0x0000000020fc5800 Exception <a 'sun/nio/fs/WindowsException'> (0x00000000e08ed778) thrown at [C:\src\AOSP-openjdk-git\hotspot\src\share\vm\prims\jni.cpp, line 710]
Event: 3191.226 Thread 0x0000000020fc5800 Exception <a 'sun/nio/fs/WindowsException'> (0x00000000e08f5b50) thrown at [C:\src\AOSP-openjdk-git\hotspot\src\share\vm\prims\jni.cpp, line 710]
Event: 3191.228 Thread 0x0000000020fc5800 Exception <a 'sun/nio/fs/WindowsException'> (0x00000000e1220778) thrown at [C:\src\AOSP-openjdk-git\hotspot\src\share\vm\prims\jni.cpp, line 710]
Event: 3191.229 Thread 0x0000000020fc5800 Exception <a 'sun/nio/fs/WindowsException'> (0x00000000e1226800) thrown at [C:\src\AOSP-openjdk-git\hotspot\src\share\vm\prims\jni.cpp, line 710]
Event: 3191.578 Thread 0x0000000020fc5000 Exception <a 'sun/nio/fs/WindowsException'> (0x00000000e39b0a08) thrown at [C:\src\AOSP-openjdk-git\hotspot\src\share\vm\prims\jni.cpp, line 710]
Event: 3191.668 Thread 0x0000000019af5800 Implicit null exception at 0x0000000003b3365c to 0x0000000003b34b9d
Event: 3192.004 Thread 0x0000000019af5800 Implicit null exception at 0x0000000003354a9c to 0x0000000003355fe1
Event: 3192.064 Thread 0x0000000019af5800 Exception <a 'java/lang/ClassNotFoundException': android/app/Application> (0x00000000edf23448) thrown at [C:\src\AOSP-openjdk-git\hotspot\src\share\vm\classfile\systemDictionary.cpp, line 210]

Events (10 events):
Event: 3192.124 loading class com/google/protobuf/GeneratedMessageV3$FieldAccessorTable$SingularStringFieldAccessor done
Event: 3192.126 Thread 0x0000000019af5800 Uncommon trap: trap_request=0xffffffde fr.pc=0x0000000006e54d14
Event: 3192.126 Thread 0x0000000019af5800 DEOPT PACKING pc=0x0000000006e54d14 sp=0x000000002649b010
Event: 3192.126 Thread 0x0000000019af5800 DEOPT UNPACKING pc=0x000000000306557b sp=0x000000002649b000 mode 2
Event: 3192.126 loading class com/google/protobuf/TextFormatEscaper
Event: 3192.126 loading class com/google/protobuf/TextFormatEscaper done
Event: 3192.130 loading class com/google/protobuf/TextFormatEscaper$ByteSequence
Event: 3192.130 loading class com/google/protobuf/TextFormatEscaper$ByteSequence done
Event: 3192.130 loading class com/google/protobuf/TextFormatEscaper$1
Event: 3192.130 loading class com/google/protobuf/TextFormatEscaper$1 done


Dynamic libraries:
0x00007ff671400000 - 0x00007ff671431000 	C:\Program Files\Android\Android Studio\jre\bin\java.exe
0x00007ffeac1b0000 - 0x00007ffeac3a5000 	C:\WINDOWS\SYSTEM32\ntdll.dll
0x00007ffeac090000 - 0x00007ffeac14d000 	C:\WINDOWS\System32\KERNEL32.DLL
0x00007ffea9ed0000 - 0x00007ffeaa197000 	C:\WINDOWS\System32\KERNELBASE.dll
0x00007ffeaa730000 - 0x00007ffeaa7da000 	C:\WINDOWS\System32\ADVAPI32.dll
0x00007ffeab400000 - 0x00007ffeab49e000 	C:\WINDOWS\System32\msvcrt.dll
0x00007ffeaafa0000 - 0x00007ffeab03b000 	C:\WINDOWS\System32\sechost.dll
0x00007ffeabf60000 - 0x00007ffeac083000 	C:\WINDOWS\System32\RPCRT4.dll
0x00007ffeabdc0000 - 0x00007ffeabf60000 	C:\WINDOWS\System32\USER32.dll
0x00007ffea9c60000 - 0x00007ffea9c82000 	C:\WINDOWS\System32\win32u.dll
0x00007ffeab650000 - 0x00007ffeab67a000 	C:\WINDOWS\System32\GDI32.dll
0x00007ffea9c90000 - 0x00007ffea9d9a000 	C:\WINDOWS\System32\gdi32full.dll
0x00007ffea9960000 - 0x00007ffea99fd000 	C:\WINDOWS\System32\msvcp_win.dll
0x00007ffea9b60000 - 0x00007ffea9c60000 	C:\WINDOWS\System32\ucrtbase.dll
0x00007ffea8d30000 - 0x00007ffea8fca000 	C:\WINDOWS\WinSxS\amd64_microsoft.windows.common-controls_6595b64144ccf1df_6.0.19041.1_none_b555e41d4684ddec\COMCTL32.dll
0x00007ffeab320000 - 0x00007ffeab350000 	C:\WINDOWS\System32\IMM32.DLL
0x00000000554e0000 - 0x00000000555b2000 	C:\Program Files\Android\Android Studio\jre\jre\bin\msvcr100.dll
0x00000000544b0000 - 0x0000000054cfb000 	C:\Program Files\Android\Android Studio\jre\jre\bin\server\jvm.dll
0x00007ffeab040000 - 0x00007ffeab048000 	C:\WINDOWS\System32\PSAPI.DLL
0x00007ffea2150000 - 0x00007ffea215a000 	C:\WINDOWS\SYSTEM32\VERSION.dll
0x00007ffe91700000 - 0x00007ffe91709000 	C:\WINDOWS\SYSTEM32\WSOCK32.dll
0x00007ffea04f0000 - 0x00007ffea0517000 	C:\WINDOWS\SYSTEM32\WINMM.dll
0x00007ffeab5e0000 - 0x00007ffeab64b000 	C:\WINDOWS\System32\WS2_32.dll
0x00007ffea46f0000 - 0x00007ffea46ff000 	C:\Program Files\Android\Android Studio\jre\jre\bin\verify.dll
0x00007ffea1800000 - 0x00007ffea1829000 	C:\Program Files\Android\Android Studio\jre\jre\bin\java.dll
0x00007ffe936e0000 - 0x00007ffe936f6000 	C:\Program Files\Android\Android Studio\jre\jre\bin\zip.dll
0x00007ffeaa860000 - 0x00007ffeaafa0000 	C:\WINDOWS\System32\SHELL32.dll
0x00007ffea6d50000 - 0x00007ffea74e1000 	C:\WINDOWS\SYSTEM32\windows.storage.dll
0x00007ffeaa3d0000 - 0x00007ffeaa723000 	C:\WINDOWS\System32\combase.dll
0x00007ffea8c30000 - 0x00007ffea8c5c000 	C:\WINDOWS\SYSTEM32\Wldp.dll
0x00007ffeab050000 - 0x00007ffeab0fe000 	C:\WINDOWS\System32\SHCORE.dll
0x00007ffeab1f0000 - 0x00007ffeab245000 	C:\WINDOWS\System32\shlwapi.dll
0x00007ffea9840000 - 0x00007ffea985f000 	C:\WINDOWS\SYSTEM32\profapi.dll
0x00007ffe81f90000 - 0x00007ffe81faa000 	C:\Program Files\Android\Android Studio\jre\jre\bin\net.dll
0x00007ffea8960000 - 0x00007ffea89ca000 	C:\WINDOWS\system32\mswsock.dll
0x00007ffe76950000 - 0x00007ffe76963000 	C:\Program Files\Android\Android Studio\jre\jre\bin\nio.dll
0x00007ffe91570000 - 0x00007ffe91596000 	C:\Users\kma_s\.gradle\native\31\windows-amd64\native-platform.dll
0x00007ffe99040000 - 0x00007ffe9904d000 	C:\Program Files\Android\Android Studio\jre\jre\bin\management.dll
0x00007ffea9550000 - 0x00007ffea9568000 	C:\WINDOWS\SYSTEM32\CRYPTSP.dll
0x00007ffea8320000 - 0x00007ffea8354000 	C:\WINDOWS\system32\rsaenh.dll
0x00007ffea9ea0000 - 0x00007ffea9ec7000 	C:\WINDOWS\System32\bcrypt.dll
0x00007ffea9800000 - 0x00007ffea982e000 	C:\WINDOWS\SYSTEM32\USERENV.dll
0x00007ffeaa1a0000 - 0x00007ffeaa21f000 	C:\WINDOWS\System32\bcryptprimitives.dll
0x00007ffea8b60000 - 0x00007ffea8b6c000 	C:\WINDOWS\SYSTEM32\CRYPTBASE.dll
0x00007ffea8670000 - 0x00007ffea86ab000 	C:\WINDOWS\SYSTEM32\IPHLPAPI.DLL
0x00007ffeab8d0000 - 0x00007ffeab8d9000 	C:\WINDOWS\System32\NSI.dll
0x00007ffea2ee0000 - 0x00007ffea2ef7000 	C:\WINDOWS\SYSTEM32\dhcpcsvc6.DLL
0x00007ffea2d40000 - 0x00007ffea2d5d000 	C:\WINDOWS\SYSTEM32\dhcpcsvc.DLL
0x00007ffea86b0000 - 0x00007ffea877a000 	C:\WINDOWS\SYSTEM32\DNSAPI.dll
0x00007ffe76230000 - 0x00007ffe76254000 	C:\Program Files\Android\Android Studio\jre\jre\bin\sunec.dll
0x00007ffea1980000 - 0x00007ffea198a000 	C:\Windows\System32\rasadhlp.dll
0x00007ffe9bde0000 - 0x00007ffe9be5f000 	C:\WINDOWS\System32\fwpuclnt.dll
0x00007ffe99020000 - 0x00007ffe9902b000 	C:\Program Files\Android\Android Studio\jre\jre\bin\sunmscapi.dll
0x00007ffea9a00000 - 0x00007ffea9b5d000 	C:\WINDOWS\System32\CRYPT32.dll
0x00007ffea9360000 - 0x00007ffea9544000 	C:\WINDOWS\SYSTEM32\dbghelp.dll

VM Arguments:
jvm_args: -Xmx1536m -Dfile.encoding=windows-1252 -Duser.country=BR -Duser.language=pt -Duser.variant 
java_command: org.gradle.launcher.daemon.bootstrap.GradleDaemon 6.1.1
java_class_path (initial): C:\Users\kma_s\.gradle\wrapper\dists\gradle-6.1.1-all\cfmwm155h49vnt3hynmlrsdst\gradle-6.1.1\lib\gradle-launcher-6.1.1.jar
Launcher Type: SUN_STANDARD

Environment Variables:
JAVA_HOME=C:\Program Files\Java\jdk-13.0.1
PATH=C:\WINDOWS\system32;C:\WINDOWS;C:\WINDOWS\System32\Wbem;C:\WINDOWS\System32\WindowsPowerShell\v1.0\;C:\WINDOWS\System32\OpenSSH\;C:\Program Files\dotnet\;C:\Program Files\TortoiseSVN\bin;C:\Program Files\Git\cmd;C:\flutter\bin;C:\Users\kma_s\AppData\Local\Microsoft\WindowsApps;C:\Users\kma_s\AppData\Local\Programs\Microsoft VS Code\bin;C:\Users\kma_s\AppData\Local\GitHubDesktop\bin;%USERPROFILE%\AppData\Local\Microsoft\WindowsApps;
USERNAME=kma_s
OS=Windows_NT
PROCESSOR_IDENTIFIER=Intel64 Family 6 Model 60 Stepping 3, GenuineIntel



---------------  S Y S T E M  ---------------

OS: Windows 10.0 , 64 bit Build 19041 (10.0.19041.292)

CPU:total 4 (initial active 4) (4 cores per cpu, 1 threads per core) family 6 model 60 stepping 3, cmov, cx8, fxsr, mmx, sse, sse2, sse3, ssse3, sse4.1, sse4.2, popcnt, avx, avx2, aes, clmul, erms, lzcnt, tsc, tscinvbit, bmi1, bmi2

Memory: 4k page, physical 8252640k(1330156k free), swap 17566128k(3072568k free)

vm_info: OpenJDK 64-Bit Server VM (25.242-b01) for windows-amd64 JRE (1.8.0_242-release-1644-b01), built by "builder" with MS VC++ 10.0 (VS2010)

time: Thu Sep 10 16:45:27 2020
timezone: Hora Padrão de Buenos Aires
elapsed time: 3192 seconds (0d 0h 53m 12s)

